C51 COMPILER V9.52.0.0   MAIN                                                              04/21/2015 09:08:56 PAGE 1   


C51 COMPILER V9.52.0.0, COMPILATION OF MODULE MAIN
OBJECT MODULE PLACED IN .\Object\main.obj
COMPILER INVOKED BY: C:\Keil\C51\BIN\C51.EXE main.c LARGE BROWSE INCDIR(hal\nrf24le1;hal;hal\nrf24l01p;compiler\common;c
                    -ompiler\c51) DEBUG OBJECTEXTEND PRINT(.\lst\main.lst) TABS(2) OBJECT(.\Object\main.obj)

line level    source

   1          /****************************************Copyright (c)****************************************************
   2          **                                        
   3          **                                 
   4          **
   5          **--------------File Info---------------------------------------------------------------------------------
   6          ** File name:     main.c
   7          ** Last modified Date: 2015-4-16         
   8          ** Last Version:    1.2
   9          ** Descriptions:              
  10          **--------------------------------------------------------------------------------------------------------
  11          ** Created by:      FiYu
  12          ** Created date:    2014-11-12
  13          ** Version:         1.0
  14          ** Descriptions:    休眠-RTC唤醒实验程序        
  15          **--------------------------------------------------------------------------------------------------------
  16          ** Modified by:     FiYu
  17          ** Modified date:   
  18          ** Version:       
  19          ** Descriptions:    
  20          ** Rechecked by:      
  21          **********************************************************************************************************
             -/
  22          #include <stdio.h> 
  23          #include <reg24le1.h>
  24          #include <stdint.h>
  25          #include "hal_clk.h"
  26          #include "hal_delay.h"
  27          #include "hal_rtc.h"
  28          
  29          
  30          /*-------------------管脚定义--------------------------------------------------*/
  31          #define  D1    P00  // 开发板上的指示灯D1
  32          #define  D2    P01  // 开发板上的指示灯D2
  33          
  34          
  35          /* 开发板上nRF24LE1管脚配置
  36          P00：输出，驱动D4          P12：输入，按键检测S2  
  37          P01：输出，驱动D5          P13：输入，按键检测S3
  38          P02：输出                  P14：输出
  39          P03：输出，UART TXD        P15：输出
  40          P04：输入，UART RXD        P16：输出
  41          P06：输入，AIN6  AD检测
  42          */
  43                       
  44          #define SLEEPTIME  32768     // 休眠时间1秒
  45          
  46          
  47          /*******************************************************************************************************
  48           * 描  述 : 配置 IO P0.0和P0.1为输出驱动LED
  49           * 入  参 : 无
  50           * 返回值 : 无
  51           *******************************************************************************************************/
  52          void IO_Init(void)
  53          { 
C51 COMPILER V9.52.0.0   MAIN                                                              04/21/2015 09:08:56 PAGE 2   

  54   1        P0DIR &= ~0x03;    //配置P0.0和P0.1为输出
  55   1        D1 = 1;            //设置D1初始状态为熄灭
  56   1        D2 = 1;            //设置D2初始状态为熄灭
  57   1      }
  58          
  59          /*******************************************************************************************************
  60           * 描  述 : 设置休眠时间
  61           * 入  参 : period:休眠时间
  62           * 返回值 : 无
  63           *******************************************************************************************************/
  64          void set_timer_period(uint16_t period)
  65          {
  66   1        hal_rtc_start(false);                             
  67   1        hal_rtc_start(true);                              // Start/stop to reset counter  
  68   1        hal_rtc_set_compare_value(period - 1);
  69   1      }
  70          
  71          /*******************************************************************************************************
  72           * 描  述 : 时钟和RTC唤醒配置
  73           * 入  参 : 无
  74           * 返回值 : 无
  75           *******************************************************************************************************/
  76          void mcu_init(void)
  77          {
  78   1        hal_rtc_start(false);                             //关闭32.768KHz时钟
  79   1        hal_clklf_set_source(HAL_CLKLF_RCOSC32K);         //32.768KHz的时钟源为内部RC    
  80   1      
  81   1        hal_rtc_set_compare_mode(HAL_RTC_COMPARE_MODE_0); //32KHz 模式0
  82   1        set_timer_period(SLEEPTIME);                      //设置休眠时间
  83   1        hal_clk_set_16m_source(HAL_CLK_XOSC16M);          //使用外部16MHz晶振
  84   1        hal_clk_regret_xosc16m_on(0);                     //在寄存器维持低功耗模式下关闭16MHz时钟
  85   1      
  86   1        hal_rtc_start(true);                              //启动32.768KHz时钟
  87   1        
  88   1        while((CLKLFCTRL&0x80)==0x80);                    //等待时钟启动完成
  89   1        while((CLKLFCTRL&0x80)!=0x80);
  90   1      }
  91          
  92          /*******************************************************************************************************
  93           * 描  述 : 主函数
  94           * 入  参 : 无
  95           * 返回值 : 无
  96           *******************************************************************************************************/ 
  97          void main(void)
  98          { 
  99   1        IO_Init();
 100   1        
 101   1        mcu_init();
 102   1      
 103   1        while(1)
 104   1        {     
 105   2          PWRDWN = 0x04; // 进入寄存器维持低功耗模式
 106   2          PWRDWN = 0x00;
 107   2          
 108   2          D1 = ~D1; //休眠唤醒后D4指示灯状态取反
 109   2        }
 110   1      }
 111           /*********************************END FILE***************************************************************
             -*/  


MODULE INFORMATION:   STATIC OVERLAYABLE
C51 COMPILER V9.52.0.0   MAIN                                                              04/21/2015 09:08:56 PAGE 3   

   CODE SIZE        =    107    ----
   CONSTANT SIZE    =   ----    ----
   XDATA SIZE       =   ----       2
   PDATA SIZE       =   ----    ----
   DATA SIZE        =   ----    ----
   IDATA SIZE       =   ----    ----
   BIT SIZE         =   ----    ----
END OF MODULE INFORMATION.


C51 COMPILATION COMPLETE.  0 WARNING(S),  0 ERROR(S)
