C51 COMPILER V9.52.0.0   MAIN                                                              04/30/2015 10:03:27 PAGE 1   


C51 COMPILER V9.52.0.0, COMPILATION OF MODULE MAIN
OBJECT MODULE PLACED IN .\Object\main.obj
COMPILER INVOKED BY: C:\Keil\C51\BIN\C51.EXE main.c LARGE BROWSE INCDIR(compiler\common;hal\nrf24le1;hal;hal\nrf24l01p;c
                    -ompiler\c51) DEBUG OBJECTEXTEND PRINT(.\lst\main.lst) TABS(2) OBJECT(.\Object\main.obj)

line level    source

   1          /****************************************Copyright (c)****************************************************
   2          **                                        
   3          **                                 
   4          **
   5          **--------------File Info---------------------------------------------------------------------------------
   6          ** File name:     main.c
   7          ** Last modified Date: 2015-4-16         
   8          ** Last Version:    1.2
   9          ** Descriptions:              
  10          **--------------------------------------------------------------------------------------------------------
  11          ** Created by:      FiYu
  12          ** Created date:    2014-11-12
  13          ** Version:         1.0
  14          ** Descriptions:    外部中断实验        
  15          **--------------------------------------------------------------------------------------------------------
  16          ** Modified by:     FiYu
  17          ** Modified date:   
  18          ** Version:       
  19          ** Descriptions:    
  20          ** Rechecked by:      
  21          **********************************************************************************************************
             -/
  22          #include <stdio.h> 
  23          #include <reg24le1.h>
  24          #include <stdint.h>
  25          #include "hal_delay.h"
  26          
  27          
  28          /*-------------------管脚定义--------------------------------------------------*/
  29          #define  D1    P00  // 开发板上的指示灯D1
  30          
  31          
  32          
  33          /* 开发板中nRF24LE1管脚配置
  34          P00：输出，驱动D1        P12：输入，按键检测S1  
  35          P01：输出，驱动D2        P13：输入，按键检测S2
  36          P02：输出，OLED时钟      P14：输出，OLED数据
  37          P03：输出，UART TXD      P15：输出，OLED片选
  38          P04：输入，UART RXD      P16：输出，OLED命令/数据选择
  39          P06：输入，AIN6  AD检测  蜂鸣器驱动(通过跳线选择)
  40          */
  41          
  42          /*******************************************************************************************************
  43           * 描  述 : 配置 IO P0.0为输出
  44           * 入  参 : 无
  45           * 返回值 : 无
  46           *******************************************************************************************************/
  47          void IO_Init(void)
  48          { 
  49   1        P0DIR &= ~0x01;    //配置P0.0为输出
  50   1        D1 = 1;            //设置D1初始状态为熄灭
  51   1        
  52   1        P0CON &= ~0x20;
  53   1        P0CON |= 0x40;
C51 COMPILER V9.52.0.0   MAIN                                                              04/30/2015 10:03:27 PAGE 2   

  54   1      }
  55          
  56          /*******************************************************************************************************
  57           * 描  述 : GPINT1中断寄存器配置
  58           * 入  参 : 无
  59           * 返回值 : 无
  60           *******************************************************************************************************/
  61          void GPINT1_init(void)  
  62          {
  63   1        INTEXP=0x10;    //使能GPINT1中断
  64   1        TCON &= ~0x04;  //中断类型:低电平
  65   1        IEN0 |= 0x01;   //使能管脚(IFP)中断
  66   1      }
  67          /*******************************************************************************************************
  68           * 描  述 : 主函数
  69           * 入  参 : 无
  70           * 返回值 : 无
  71           *******************************************************************************************************/
  72          void main(void)
  73          { 
  74   1        IO_Init();
  75   1        GPINT1_init();
  76   1        EA=1;  //使能全局中断
  77   1        
  78   1        while(1)
  79   1        {
  80   2      
  81   2        }
  82   1      }
  83          /*******************************************************************************************************
  84           * 描  述 : 中断服务函数
  85           * 入  参 : 无
  86           * 返回值 : 无
  87           *******************************************************************************************************/
  88          void GPINT1_IRQ() interrupt INTERRUPT_IPF
  89          {
  90   1        D1 = ~D1;         //指示灯D1状态翻转
  91   1        delay_ms(1000);   //延时1秒，方便观察实验现象
  92   1      }
  93           /*********************************END FILE***************************************************************
             -*/  


MODULE INFORMATION:   STATIC OVERLAYABLE
   CODE SIZE        =     97    ----
   CONSTANT SIZE    =   ----    ----
   XDATA SIZE       =   ----    ----
   PDATA SIZE       =   ----    ----
   DATA SIZE        =   ----    ----
   IDATA SIZE       =   ----    ----
   BIT SIZE         =   ----    ----
END OF MODULE INFORMATION.


C51 COMPILATION COMPLETE.  0 WARNING(S),  0 ERROR(S)
