C51 COMPILER V9.52.0.0   MAIN                                                              04/29/2015 09:18:27 PAGE 1   


C51 COMPILER V9.52.0.0, COMPILATION OF MODULE MAIN
OBJECT MODULE PLACED IN .\Object\main.obj
COMPILER INVOKED BY: C:\Keil\C51\BIN\C51.EXE main.c LARGE BROWSE INCDIR(hal\nrf24le1;hal;compiler\c51;compiler\common) D
                    -EBUG OBJECTEXTEND PRINT(.\lst\main.lst) TABS(2) OBJECT(.\Object\main.obj)

line level    source

   1          /****************************************Copyright (c)****************************************************
   2          **                                        
   3          **                                 
   4          **
   5          **--------------File Info---------------------------------------------------------------------------------
   6          ** File name:     main.c
   7          ** Last modified Date: 2015-4-16         
   8          ** Last Version:    1.2
   9          ** Descriptions:              
  10          **--------------------------------------------------------------------------------------------------------
  11          ** Created by:      FiYu
  12          ** Created date:    2014-11-12
  13          ** Version:         1.0
  14          ** Descriptions:    UART控制LED实验         
  15          **--------------------------------------------------------------------------------------------------------
  16          ** Modified by:     FiYu
  17          ** Modified date:   
  18          ** Version:       
  19          ** Descriptions:    
  20          ** Rechecked by:      
  21          **********************************************************************************************************
             -/
  22          #include <stdio.h> 
  23          #include <reg24le1.h>
  24          #include <stdint.h>
  25          #include "hal_uart.h"
  26          #include "hal_clk.h"
  27          #include "hal_delay.h"
  28          
  29          
  30          /*-------------------管脚定义--------------------------------------------------*/
  31          #define  D1    P00  // 开发板上的指示灯D1
  32          #define  D2    P01  // 开发板上的指示灯D2
  33          
  34          #define  LED_ON     0 //点亮指示灯
  35          #define  LED_OFF    1 //熄灭指示灯
  36          #define  RXBUF_LEN  3 //UART接收缓存字节数
  37          
  38          
  39          /* 开发板中nRF24LE1管脚配置
  40          P00：输出，驱动D1        P12：输入，按键检测S1  
  41          P01：输出，驱动D2        P13：输入，按键检测S2
  42          P02：输出，OLED时钟      P14：输出，OLED数据
  43          P03：输出，UART TXD      P15：输出，OLED片选
  44          P04：输入，UART RXD      P16：输出，OLED命令/数据选择
  45          P06：输入，AIN6  AD检测  蜂鸣器驱动(通过跳线选择)
  46          */
  47          
  48          /*******************************************************************************************************
  49           * 描  述 : 读取UART接收的数据
  50           * 入  参 : 无
  51           * 返回值 : 读取的数据
  52           *******************************************************************************************************/
  53          char getchar(void)
C51 COMPILER V9.52.0.0   MAIN                                                              04/29/2015 09:18:27 PAGE 2   

  54          {
  55   1        return hal_uart_getchar();
  56   1      }
  57          
  58          /*******************************************************************************************************
  59           * 描  述 : 配置 IO P0.0和P0.1为输出PP03：输出,作为UART TXD，P04：输入,作为UART RXD
  60           * 入  参 : 无
  61           * 返回值 : 无
  62           *******************************************************************************************************/
  63          void IO_Init(void)
  64          { 
  65   1        P0DIR &= ~0x03;    //配置P0.0和P0.1为输出
  66   1        P0DIR &= ~0x08;    //P03：输出，UART TXD
  67   1        P0DIR |= 0x10;     //P04：输入，UART RXD  
  68   1        D1 = 1;            //设置D1初始状态为熄灭
  69   1        D2 = 1;            //设置D2初始状态为熄灭
  70   1      }
  71          /*******************************************************************************************************
  72           * 描  述 : 串口输出字符串
  73           * 入  参 : 无
  74           * 返回值 : 无
  75           *******************************************************************************************************/
  76          void PutString(char *s)
  77          {
  78   1        while(*s != 0)
  79   1          hal_uart_putchar(*s++);
  80   1      }
  81          /*******************************************************************************************************
  82           * 描  述 : 主函数
  83           * 入  参 : 无
  84           * 返回值 : 无
  85           *******************************************************************************************************/
  86          void main(void)
  87          { 
  88   1        uint8_t UartRxBuf[RXBUF_LEN];  //UART接收缓存
  89   1        uint8_t RxCnt = 0;             //UART接收字节数
  90   1        uint8_t RxByte;
  91   1        
  92   1        IO_Init();  //配置IO  
  93   1        hal_uart_init(UART_BAUD_57K6); // 初始化UART0                     
  94   1      
  95   1        while(hal_clk_get_16m_source() != HAL_CLK_XOSC16M)//等待时钟稳定 
  96   1        ;
  97   1       
  98   1        EA = 1;  // 使能全局中断                                           
  99   1      
 100   1        PutString("Welcome to FiYu!\n");
 101   1      
 102   1        while(1)
 103   1        {
 104   2      
 105   2          while(hal_uart_chars_available())
 106   2          {
 107   3            RxByte = hal_uart_getchar();
 108   3            if((RxByte != '#')&&(RxCnt < 3))
 109   3            {
 110   4              UartRxBuf[RxCnt++] = RxByte;
 111   4            }
 112   3            else
 113   3            {
 114   4              if(RxCnt >= 3)
 115   4              {
C51 COMPILER V9.52.0.0   MAIN                                                              04/29/2015 09:18:27 PAGE 3   

 116   5                RxCnt = 0;
 117   5              }
 118   4              else
 119   4              {
 120   5                if((UartRxBuf[0] == 'D') || (UartRxBuf[0] == 'd'))
 121   5                {
 122   6                  switch(UartRxBuf[1]-48)
 123   6                  {
 124   7                    case 1:
 125   7                      D1 = 0;
 126   7                      D2 = 1;
 127   7                      RxCnt = 0;
 128   7                      break;
 129   7                    
 130   7                    case 2:
 131   7                      D1 = 1;
 132   7                      D2 = 0;
 133   7                      RxCnt = 0;
 134   7                      break;
 135   7                    
 136   7                    default:
 137   7                      break;
 138   7                  }
 139   6                }
 140   5              }
 141   4            } 
 142   3          }
 143   2        }
 144   1      }
 145          /*********************************END FILE****************************************************************
             -/


MODULE INFORMATION:   STATIC OVERLAYABLE
   CODE SIZE        =    211    ----
   CONSTANT SIZE    =     18    ----
   XDATA SIZE       =   ----       8
   PDATA SIZE       =   ----    ----
   DATA SIZE        =   ----    ----
   IDATA SIZE       =   ----    ----
   BIT SIZE         =   ----    ----
END OF MODULE INFORMATION.


C51 COMPILATION COMPLETE.  0 WARNING(S),  0 ERROR(S)
