C51 COMPILER V9.52.0.0   MAIN                                                              04/21/2015 09:29:51 PAGE 1   


C51 COMPILER V9.52.0.0, COMPILATION OF MODULE MAIN
OBJECT MODULE PLACED IN .\Object\main.obj
COMPILER INVOKED BY: C:\Keil\C51\BIN\C51.EXE main.c LARGE BROWSE INCDIR(hal\nrf24le1;hal;hal\nrf24l01p;compiler\common;c
                    -ompiler\c51) DEBUG OBJECTEXTEND PRINT(.\lst\main.lst) TABS(2) OBJECT(.\Object\main.obj)

line level    source

   1          /****************************************Copyright (c)****************************************************
   2          **                                        
   3          **                                 
   4          **
   5          **--------------File Info---------------------------------------------------------------------------------
   6          ** File name:     main.c
   7          ** Last modified Date: 2015-4-16         
   8          ** Last Version:       1.2
   9          ** Descriptions:    
  10          **            
  11          **--------------------------------------------------------------------------------------------------------
  12          ** Created by:      FiYu
  13          ** Created date:    2014-11-12
  14          ** Version:         1.0
  15          ** Descriptions:    rng(Random number generator随机数发生器)实验程序
  16          **--------------------------------------------------------------------------------------------------------
  17          ** Modified by:     FiYu
  18          ** Modified date:   
  19          ** Version:       
  20          ** Descriptions:    
  21          ** Rechecked by:      
  22          **********************************************************************************************************
             -/
  23          #include <stdio.h> 
  24          #include <reg24le1.h>
  25          #include <stdint.h>
  26          #include "hal_uart.h"
  27          #include "hal_clk.h"
  28          #include "hal_delay.h"
  29          #include "hal_rng.h"
  30          
  31          
  32          /*-------------------管脚定义--------------------------------------------------*/
  33          #define  D1    P00  // 开发板上的指示灯D1
  34          #define  D2    P01  // 开发板上的指示灯D2
  35          
  36          /* 开发板中nRF24LE1管脚配置
  37          P00：输出，驱动D1        P12：输入，按键检测S1  
  38          P01：输出，驱动D2        P13：输入，按键检测S2
  39          P02：输出，OLED时钟      P14：输出，OLED数据
  40          P03：输出，UART TXD      P15：输出，OLED片选
  41          P04：输入，UART RXD      P16：输出，OLED命令/数据选择
  42          P06：输入，AIN6  AD检测  蜂鸣器驱动(通过跳线选择)
  43          */
  44          
  45          /*******************************************************************************************************
  46           * 描  述 : 配置 IO P0.0和P0.1为输出，驱动LED
  47           * 入  参 : 无
  48           * 返回值 : 无
  49           *******************************************************************************************************/
  50          void IoInit(void)
  51          {
  52   1        P0DIR &= ~0x03;    //配置P0.0 P0.1为输出
  53   1        P0DIR &= ~0x08;    //P03：输出，UART TXD
C51 COMPILER V9.52.0.0   MAIN                                                              04/21/2015 09:29:51 PAGE 2   

  54   1        P0DIR |= 0x10;     //P04：输入，UART RXD
  55   1        D1 = 1;            //设置D4初始状态为熄灭
  56   1        D2 = 1;            //设置D5初始状态为熄灭 
  57   1      }
  58          
  59          /*******************************************************************************************************
  60           * 描  述 : 串口打印16进制字符
  61           * 入  参 : 输出的字符
  62           * 返回值 : 无
  63           *******************************************************************************************************/
  64          void PutHexString (uint8_t x)
  65          {
  66   1        uint8_t c;
  67   1      
  68   1        c = (x>>4)& 0xf;
  69   1        if (c > 9)
  70   1          hal_uart_putchar('A'+c-10);
  71   1        else
  72   1          hal_uart_putchar('0'+c);
  73   1      
  74   1        c = x & 0xf;
  75   1        if (c > 9)
  76   1          hal_uart_putchar('A'+c-10);
  77   1        else
  78   1          hal_uart_putchar('0'+c);
  79   1      }
  80          /*******************************************************************************************************
  81           * 描  述 : 串口打印字符串
  82           * 入  参 : 字符串地址
  83           * 返回值 : 无
  84           *******************************************************************************************************/
  85          void PutString(char *s)
  86          {
  87   1        while(*s != 0)
  88   1          hal_uart_putchar(*s++);
  89   1      }
  90          
  91          /*******************************************************************************************************
  92           * 描  述 : 主函数
  93           * 入  参 : 无
  94           * 返回值 : 无
  95           *******************************************************************************************************/
  96          void main(void)
  97          { 
  98   1        uint8_t RngDat;
  99   1        
 100   1        IoInit();  //IO初始化
 101   1      
 102   1        hal_uart_init(UART_BAUD_57K6); //初始化UART，波特率57600                     
 103   1      
 104   1        while(hal_clk_get_16m_source() != HAL_CLK_XOSC16M) //等待时钟稳定
 105   1        ;
 106   1       
 107   1        EA = 1;// 使能全局中断
 108   1        hal_rng_bias_corr_enable(true); // 使能校正算法
 109   1        hal_rng_power_up(true);         // RNG上电          
 110   1      
 111   1        while(1)
 112   1        {
 113   2          delay_ms(500);  //延时500ms，避免串口输出过快，不方便观察转换结果
 114   2          D1 = ~D1;       //D4闪烁指示开发板工作正常
 115   2          
C51 COMPILER V9.52.0.0   MAIN                                                              04/21/2015 09:29:51 PAGE 3   

 116   2          if(hal_rng_data_ready() )
 117   2          {
 118   3            RngDat = hal_rng_read();
 119   3            PutString("RNG Value(HEX):");     
 120   3            PutHexString(RngDat); 
 121   3            PutString("\n");      
 122   3          }
 123   2        }
 124   1      }
 125           /*********************************END FILE***************************************************************
             -*/  


MODULE INFORMATION:   STATIC OVERLAYABLE
   CODE SIZE        =    202    ----
   CONSTANT SIZE    =     18    ----
   XDATA SIZE       =   ----       6
   PDATA SIZE       =   ----    ----
   DATA SIZE        =   ----    ----
   IDATA SIZE       =   ----    ----
   BIT SIZE         =   ----    ----
END OF MODULE INFORMATION.


C51 COMPILATION COMPLETE.  0 WARNING(S),  0 ERROR(S)
