C51 COMPILER V9.52.0.0   MAIN                                                              04/29/2015 09:34:04 PAGE 1   


C51 COMPILER V9.52.0.0, COMPILATION OF MODULE MAIN
OBJECT MODULE PLACED IN .\Object\main.obj
COMPILER INVOKED BY: C:\Keil\C51\BIN\C51.EXE main.c BROWSE INCDIR(hal\nrf24le1;hal;compiler\c51;compiler\common) DEBUG O
                    -BJECTEXTEND PRINT(.\Lst\main.lst) TABS(2) OBJECT(.\Object\main.obj)

line level    source

   1          /****************************************Copyright (c)****************************************************
   2          **                                        
   3          **                                 
   4          **
   5          **--------------File Info---------------------------------------------------------------------------------
   6          ** File name:     main.c
   7          ** Last modified Date: 2015-4-16         
   8          ** Last Version:    1.2
   9          ** Descriptions: ADC外部通道采样实验：连续模式
  10          ** ADC配置：
  11          **   基准电压：VDD
  12          **   通道：AIN6
  13          **   分辨率：12位
  14          **   采样模式：单次采样
  15          **   采样速度：2ksps
  16          **   数据对齐方式：右对齐
  17          ** 串口波特率：57600  
  18          ** 电压计算公式：V =（3.3）*采样值/4096             
  19          **--------------------------------------------------------------------------------------------------------
  20          ** Created by:      FiYu
  21          ** Created date:    2014-11-12
  22          ** Version:         1.0
  23          ** Descriptions:            
  24          **--------------------------------------------------------------------------------------------------------
  25          ** Modified by:     FiYu
  26          ** Modified date:   
  27          ** Version:       
  28          ** Descriptions:    
  29          ** Rechecked by:      
  30          **********************************************************************************************************
             -/
  31          #include <reg24le1.h>
  32          #include <stdint.h>
  33          #include "hal_adc.h"
  34          #include "hal_uart.h"
  35          #include "hal_clk.h"
  36          #include "hal_delay.h"
  37          
  38          
  39          /*-------------------管脚定义--------------------------------------------------*/
  40          #define  D1    P00  // 开发板上的指示灯D1
  41          
  42          
  43          /* 开发板中nRF24LE1管脚配置
  44          P00：输出，驱动D1        P12：输入，按键检测S1  
  45          P01：输出，驱动D2        P13：输入，按键检测S2
  46          P02：输出，OLED时钟      P14：输出，OLED数据
  47          P03：输出，UART TXD      P15：输出，OLED片选
  48          P04：输入，UART RXD      P16：输出，OLED命令/数据选择
  49          P06：输入，AIN6  AD检测  蜂鸣器驱动(通过跳线选择)
  50          */
  51          
  52          
  53          uint8_t SampingFined = 0;
C51 COMPILER V9.52.0.0   MAIN                                                              04/29/2015 09:34:04 PAGE 2   

  54          uint8_t SampValueMsb = 0,SampValueLsb = 0;
  55          
  56          
  57          //ADC初始化
  58          void AdcInit(void)
  59          {
  60   1        hal_adc_set_input_channel(HAL_INP_AIN6);            // 设置通道为AIN6                  
  61   1        hal_adc_set_reference(HAL_ADC_REF_VDD);             // 设置参考电压为VDD                  
  62   1        hal_adc_set_input_mode(HAL_ADC_SINGLE);             // 单端输入                
  63   1        hal_adc_set_conversion_mode(HAL_ADC_CONTINOUS);     // 连续模式 
  64   1        hal_adc_set_sampling_rate(HAL_ADC_2KSPS);           // 采样速度为2ksps
  65   1        hal_adc_set_resolution(HAL_ADC_RES_12BIT);          // 12位ADC                     
  66   1        hal_adc_set_data_just(HAL_ADC_JUST_RIGHT);          // 数据右对齐
  67   1        
  68   1        ADCDATH&=0XF0;  
  69   1        ADCDATL&=0X00;  
  70   1      }
  71          
  72          /*******************************************************************************************************
  73           * 描  述 : 配置 IO P0.0和P0.1为输出，驱动LED
  74           * 入  参 : 无
  75           * 返回值 : 无
  76           *******************************************************************************************************/
  77          void IoInit(void)
  78          {
  79   1        P0DIR &= ~0x01;    //配置P0.0 P0.1为输出
  80   1        P0DIR &= ~0x08;    //P03：输出，UART TXD
  81   1        P0DIR |= 0x10;     //P04：输入，UART RXD
  82   1        D1 = 1;            //设置D1初始状态为熄灭
  83   1      }
  84          
  85          /*******************************************************************************************************
  86           * 描  述 : 串口打印16进制字符
  87           * 入  参 : 输出的字符
  88           * 返回值 : 无
  89           *******************************************************************************************************/
  90          void PutHexString (uint8_t x)
  91          {
  92   1        uint8_t c;
  93   1      
  94   1        c = (x>>4)& 0xf;
  95   1        if (c > 9)
  96   1          hal_uart_putchar('A'+c-10);
  97   1        else
  98   1          hal_uart_putchar('0'+c);
  99   1      
 100   1        c = x & 0xf;
 101   1        if (c > 9)
 102   1          hal_uart_putchar('A'+c-10);
 103   1        else
 104   1          hal_uart_putchar('0'+c);
 105   1      }
 106          /*******************************************************************************************************
 107           * 描  述 : 串口打印字符串
 108           * 入  参 : 字符串地址
 109           * 返回值 : 无
 110           *******************************************************************************************************/
 111          void PutString(char *s)
 112          {
 113   1        while(*s != 0)
 114   1          hal_uart_putchar(*s++);
 115   1      }
C51 COMPILER V9.52.0.0   MAIN                                                              04/29/2015 09:34:04 PAGE 3   

 116          /*********************************************************************************************************
 117          ** 描  述:  main函数                              
 118          ** 入  参:  NONE    
 119          ** 返回值:  NONE                                                            
 120          *********************************************************************************************************/
 121          void main()
 122          {
 123   1        IoInit();  //IO初始化
 124   1      
 125   1        hal_uart_init(UART_BAUD_57K6); //初始化UART，波特率57600                     
 126   1      
 127   1        while(hal_clk_get_16m_source() != HAL_CLK_XOSC16M) //等待时钟稳定
 128   1        ;
 129   1                                             
 130   1        AdcInit(); //ADC初始化
 131   1        MISC = 1; //使能ADC中断
 132   1        EA = 1;    //开启全局中断                                    
 133   1        hal_adc_start(); //启动ADC，进行连续采样
 134   1       
 135   1        while(1)
 136   1        {
 137   2        
 138   2          delay_ms(500);  //延时500ms，避免串口输出过快，不方便观察转换结果
 139   2          D1 = ~D1;       //D4闪烁指示开发板工作正常
 140   2          
 141   2          if(SampingFined == 1)
 142   2          {
 143   3            SampingFined = 0;
 144   3            PutString("ADCC Samping Value(HEX):");      
 145   3            PutHexString(SampValueMsb);  // 串口输出ADC转换值
 146   3            PutHexString(SampValueLsb);
 147   3            PutString("\n");
 148   3          }
 149   2        }  
 150   1      }
 151          
 152          /*********************************************************************************************************
 153          ** 描  述:  ADC中断服务函数   中断函数中置位采样标志并保存采样值                        
 154          ** 入  参:  无    
 155          ** 返回值:  无                                                            
 156          *********************************************************************************************************/
 157          void adc_irq() interrupt INTERRUPT_MISCIRQ
 158          {
 159   1        SampingFined = 1;
 160   1        SampValueMsb = hal_adc_read_MSB();
 161   1        SampValueLsb = hal_adc_read_LSB();
 162   1      } 
 163          /*****************************************End File********************************************************
             -***/
 164          


MODULE INFORMATION:   STATIC OVERLAYABLE
   CODE SIZE        =    281    ----
   CONSTANT SIZE    =     27    ----
   XDATA SIZE       =   ----    ----
   PDATA SIZE       =   ----    ----
   DATA SIZE        =      3       5
   IDATA SIZE       =   ----    ----
   BIT SIZE         =   ----    ----
END OF MODULE INFORMATION.


C51 COMPILATION COMPLETE.  0 WARNING(S),  0 ERROR(S)
