C51 COMPILER V9.52.0.0   MAIN                                                              04/29/2015 09:32:26 PAGE 1   


C51 COMPILER V9.52.0.0, COMPILATION OF MODULE MAIN
OBJECT MODULE PLACED IN .\Object\main.obj
COMPILER INVOKED BY: C:\Keil\C51\BIN\C51.EXE main.c BROWSE INCDIR(hal\nrf24le1;hal;compiler\c51;compiler\common) DEBUG O
                    -BJECTEXTEND PRINT(.\Lst\main.lst) TABS(2) OBJECT(.\Object\main.obj)

line level    source

   1          /****************************************Copyright (c)****************************************************
   2          **                                        
   3          **                                 
   4          **
   5          **--------------File Info---------------------------------------------------------------------------------
   6          ** File name:     main.c
   7          ** Last modified Date: 2015-4-16         
   8          ** Last Version:       1.2
   9          ** Descriptions: ADC工作于连续模式，持续对nRF24LE1的VDD进行采样，串口每隔500ms输出一次采样值  
  10          ** ADC配置：
  11          **   基准电压：内部1.2V
  12          **   通道：检测1/3 VDD电压
  13          **   分辨率：12位
  14          **   采样模式：连续采样
  15          **   采样速度：2ksps
  16          **   数据对齐方式：右对齐
  17          ** 串口波特率：57600  
  18          ** 电压计算公式：V =（1.2*3）*采样值/4096           
  19          **--------------------------------------------------------------------------------------------------------
  20          ** Created by:      FiYu
  21          ** Created date:    2014-11-12
  22          ** Version:         1.0
  23          ** Descriptions:            
  24          **--------------------------------------------------------------------------------------------------------
  25          ** Modified by:     
  26          ** Modified date:   
  27          ** Version:       
  28          ** Descriptions:    
  29          **
  30          ** Rechecked by:      
  31          **********************************************************************************************************
             -/
  32          #include <reg24le1.h>
  33          #include <stdint.h>
  34          #include "hal_adc.h"
  35          #include "hal_uart.h"
  36          #include "hal_clk.h"
  37          #include "hal_delay.h"
  38          
  39          
  40          /*-------------------管脚定义--------------------------------------------------*/
  41          #define  D1    P00  // 开发板上的指示灯D1
  42          
  43          
  44          /* 开发板中nRF24LE1管脚配置
  45          P00：输出，驱动D1        P12：输入，按键检测S1  
  46          P01：输出，驱动D2        P13：输入，按键检测S2
  47          P02：输出，OLED时钟      P14：输出，OLED数据
  48          P03：输出，UART TXD      P15：输出，OLED片选
  49          P04：输入，UART RXD      P16：输出，OLED命令/数据选择
  50          P06：输入，AIN6  AD检测  蜂鸣器驱动(通过跳线选择)
  51          */
  52          
  53          
C51 COMPILER V9.52.0.0   MAIN                                                              04/29/2015 09:32:26 PAGE 2   

  54          uint8_t SampingFined = 0;
  55          uint8_t SampValueMsb = 0,SampValueLsb = 0;
  56          /*******************************************************************************************************
  57           * 描  述 : ADC初始化，用ADC检测VDD电压
  58           * 入  参 : 无
  59           * 返回值 : 无
  60           *******************************************************************************************************/
  61          void AdcInit(void)
  62          {
  63   1        hal_adc_set_input_channel(HAL_INP_VDD1_3);          // 设置通道 检测1/3 VDD电压                  
  64   1        hal_adc_set_reference(HAL_ADC_REF_INT);             // 设置参考电压 内部1.2V                  
  65   1        hal_adc_set_input_mode(HAL_ADC_SINGLE);             // 单端输入                
  66   1        hal_adc_set_conversion_mode(HAL_ADC_CONTINOUS);     // 连续模式 
  67   1        hal_adc_set_sampling_rate(HAL_ADC_2KSPS);           // 采样速度为2ksps
  68   1        hal_adc_set_resolution(HAL_ADC_RES_12BIT);          // 12位ADC                     
  69   1        hal_adc_set_data_just(HAL_ADC_JUST_RIGHT);          // 数据右对齐
  70   1        
  71   1        ADCDATH&=0XF0;  
  72   1        ADCDATL&=0X00;  
  73   1      }
  74          
  75          /*******************************************************************************************************
  76           * 描  述 : 配置 IO P0.0和P0.1为输出，驱动LED
  77           * 入  参 : 无
  78           * 返回值 : 无
  79           *******************************************************************************************************/
  80          void IoInit(void)
  81          {
  82   1        P0DIR &= ~0x01;    //配置P0.0 P0.1为输出
  83   1        P0DIR &= ~0x08;    //P03：输出，UART TXD
  84   1        P0DIR |= 0x10;     //P04：输入，UART RXD
  85   1        D1 = 1;            //设置D1初始状态为熄灭
  86   1      }
  87          
  88          /*******************************************************************************************************
  89           * 描  述 : 串口打印16进制字符
  90           * 入  参 : 输出的字符
  91           * 返回值 : 无
  92           *******************************************************************************************************/
  93          void PutHexString (uint8_t x)
  94          {
  95   1        uint8_t c;
  96   1      
  97   1        c = (x>>4)& 0xf;
  98   1        if (c > 9)
  99   1          hal_uart_putchar('A'+c-10);
 100   1        else
 101   1          hal_uart_putchar('0'+c);
 102   1      
 103   1        c = x & 0xf;
 104   1        if (c > 9)
 105   1          hal_uart_putchar('A'+c-10);
 106   1        else
 107   1          hal_uart_putchar('0'+c);
 108   1      }
 109          /*******************************************************************************************************
 110           * 描  述 : 串口打印字符串
 111           * 入  参 : 字符串地址
 112           * 返回值 : 无
 113           *******************************************************************************************************/
 114          void PutString(char *s)
 115          {
C51 COMPILER V9.52.0.0   MAIN                                                              04/29/2015 09:32:26 PAGE 3   

 116   1        while(*s != 0)
 117   1          hal_uart_putchar(*s++);
 118   1      }
 119          /*********************************************************************************************************
 120          ** 描  述:  主函数                              
 121          ** 入  参:  NONE    
 122          ** 返回值:  NONE                                                            
 123          *********************************************************************************************************/
 124          void main()
 125          {
 126   1        IoInit();  //IO初始化
 127   1      
 128   1        hal_uart_init(UART_BAUD_57K6); //初始化UART，波特率57600                     
 129   1      
 130   1        while(hal_clk_get_16m_source() != HAL_CLK_XOSC16M) //等待时钟稳定
 131   1        ;
 132   1        
 133   1        AdcInit(); //ADC初始化
 134   1        MISC = 1; //使能ADC中断
 135   1        EA = 1;    //开启全局中断                                    
 136   1        hal_adc_start(); //启动ADC，进行连续采样
 137   1       
 138   1        while(1)
 139   1        {
 140   2          delay_ms(500);  //延时500ms，避免串口输出过快，不方便观察转换结果
 141   2          D1 = ~D1;       //D4闪烁指示开发板工作正常
 142   2          
 143   2          if(SampingFined == 1)
 144   2          {
 145   3            SampingFined = 0;  //清零采样完成标志
 146   3            PutString("ADC Samping Value(HEX):");     
 147   3            PutHexString(SampValueMsb);  //串口输出ADC转换值
 148   3            PutHexString(SampValueLsb);
 149   3            PutString("\n");
 150   3          }
 151   2        }  
 152   1      }
 153          
 154          /*********************************************************************************************************
 155          ** 描  述:  ADC中断服务函数   中断函数中置位采样标志并保存采样值                        
 156          ** 入  参:  无    
 157          ** 返回值:  无                                                            
 158          *********************************************************************************************************/
 159          void adc_irq() interrupt INTERRUPT_MISCIRQ
 160          {
 161   1        SampingFined = 1;
 162   1        SampValueMsb = hal_adc_read_MSB();
 163   1        SampValueLsb = hal_adc_read_LSB();
 164   1      } 
 165          /*****************************************End File********************************************************
             -***/
 166          


MODULE INFORMATION:   STATIC OVERLAYABLE
   CODE SIZE        =    281    ----
   CONSTANT SIZE    =     26    ----
   XDATA SIZE       =   ----    ----
   PDATA SIZE       =   ----    ----
   DATA SIZE        =      3       5
   IDATA SIZE       =   ----    ----
   BIT SIZE         =   ----    ----
C51 COMPILER V9.52.0.0   MAIN                                                              04/29/2015 09:32:26 PAGE 4   

END OF MODULE INFORMATION.


C51 COMPILATION COMPLETE.  0 WARNING(S),  0 ERROR(S)
