C51 COMPILER V9.52.0.0   MAIN                                                              04/29/2015 09:42:31 PAGE 1   


C51 COMPILER V9.52.0.0, COMPILATION OF MODULE MAIN
OBJECT MODULE PLACED IN .\Object\main.obj
COMPILER INVOKED BY: C:\Keil\C51\BIN\C51.EXE main.c LARGE BROWSE INCDIR(compiler\common;hal\nrf24le1;hal;hal\nrf24l01p;c
                    -ompiler\c51) DEBUG OBJECTEXTEND PRINT(.\lst\main.lst) TABS(2) OBJECT(.\Object\main.obj)

line level    source

   1          /****************************************Copyright (c)****************************************************
   2          **                                        
   3          **                                 
   4          **
   5          **--------------File Info---------------------------------------------------------------------------------
   6          ** File name:     main.c
   7          ** Last modified Date: 2015-4-16         
   8          ** Last Version:    1.2
   9          ** Descriptions:              
  10          **--------------------------------------------------------------------------------------------------------
  11          ** Created by:      FiYu
  12          ** Created date:    2014-11-12
  13          ** Version:         1.0
  14          ** Descriptions:    OLED实验    
  15          **--------------------------------------------------------------------------------------------------------
  16          ** Modified by:     FiYu
  17          ** Modified date:   
  18          ** Version:       
  19          ** Descriptions:    
  20          ** Rechecked by:      
  21          **********************************************************************************************************
             -/
  22          #include <reg24le1.h>
  23          #include <stdio.h> 
  24          #include <stdint.h>
  25          #include <stdbool.h>
  26          #include "hal_delay.h"
  27          #include "OLED.h"
  28          #include "OLEDFONT.h"
  29          
  30          
  31          
  32          /* 开发板中nRF24LE1管脚配置
  33          P00：输出，驱动D1        P12：输入，按键检测S1  
  34          P01：输出，驱动D2        P13：输入，按键检测S2
  35          P02：输出，OLED时钟      P14：输出，OLED数据
  36          P03：输出，UART TXD      P15：输出，OLED片选
  37          P04：输入，UART RXD      P16：输出，OLED命令/数据选择
  38          P06：输入，AIN6  AD检测  蜂鸣器驱动(通过跳线选择)
  39          */
  40          
  41          /*******************************************************************************************************
  42           * Description : main loop
  43           * Parameters  : none
  44           * Return      : none
  45           *******************************************************************************************************/
  46          void main(void)
  47          { 
  48   1        uint8_t i=0; 
  49   1        
  50   1        OLED_Init();                      //oled 初始化  
  51   1        OLED_Fill(0x00);                  //清屏 
  52   1        while(true)
  53   1        {
C51 COMPILER V9.52.0.0   MAIN                                                              04/29/2015 09:42:31 PAGE 2   

  54   2          //显示ACSII 使用单个字符显示函数
  55   2          OLED_Fill(0x00);
  56   2          for(i=0; i<16 ;i++)
  57   2          {
  58   3            OLED_ShowChar(i*8,0,' '+i);
  59   3            OLED_ShowChar(i*8,2,' '+i+16);  
  60   3            OLED_ShowChar(i*8,4,' '+i+32);
  61   3            OLED_ShowChar(i*8,6,' '+i+48);    
  62   3          }
  63   2          delay_ms(3000);
  64   2              
  65   2          //显示数字和字母 使用字符串显示函数
  66   2          OLED_Fill(0x00);
  67   2          LCD_P8x16Str(0,0,"0123456789");
  68   2          LCD_P8x16Str(0,2,"abcdefghijklmnop");
  69   2          LCD_P8x16Str(0,4,"ABCDEFGHIJKLMNOP");
  70   2          LCD_P8x16Str(0,6,"0123456789");
  71   2          delay_ms(5000); 
  72   2              
  73   2          //显示汉字
  74   2          OLED_Fill(0x00);
  75   2          for(i=0; i<6; i++)
  76   2          {
  77   3            LCD_P16x16Ch(i*16+16,2,i);    
  78   3          }
  79   2          for(i=0; i<4; i++)
  80   2          {
  81   3            LCD_P16x16Ch(i*16+32,4,i+6); 
  82   3            LCD_P16x16Ch(i*16+32,6,i+6+4);
  83   3          }
  84   2          delay_ms(3000);      
  85   2          
  86   2          //显示图形
  87   2          OLED_Fill(0x00);
  88   2          OLED_DrawBMP(0,0,128,8,BMP1);
  89   2          delay_ms(3000); 
  90   2              
  91   2          OLED_Fill(0x00);
  92   2          OLED_DrawBMP(0,0,128,8,BMP2);
  93   2          delay_ms(3000); 
  94   2                  
  95   2        }
  96   1      }
  97           /*********************************END FILE***************************************************************
             -*/  


MODULE INFORMATION:   STATIC OVERLAYABLE
   CODE SIZE        =    362    ----
   CONSTANT SIZE    =     45    ----
   XDATA SIZE       =   ----       1
   PDATA SIZE       =   ----    ----
   DATA SIZE        =   ----    ----
   IDATA SIZE       =   ----    ----
   BIT SIZE         =   ----    ----
END OF MODULE INFORMATION.


C51 COMPILATION COMPLETE.  0 WARNING(S),  0 ERROR(S)
