C51 COMPILER V9.52.0.0   OLEDFONT                                                          04/29/2015 09:42:32 PAGE 1   


C51 COMPILER V9.52.0.0, COMPILATION OF MODULE OLEDFONT
OBJECT MODULE PLACED IN .\Object\oledfont.obj
COMPILER INVOKED BY: C:\Keil\C51\BIN\C51.EXE oledfont.c LARGE BROWSE INCDIR(compiler\common;hal\nrf24le1;hal;hal\nrf24l0
                    -1p;compiler\c51) DEBUG OBJECTEXTEND PRINT(.\lst\oledfont.lst) TABS(2) OBJECT(.\Object\oledfont.obj)

line level    source

   1          
   2          
   3          unsigned char code F8X16[]=   
   4          {
   5            0x00,0x00,0x00,0x00,0x00,0x00,0x00,0x00,0x00,0x00,0x00,0x00,0x00,0x00,0x00,0x00,// 0
   6            0x00,0x00,0x00,0xF8,0x00,0x00,0x00,0x00,0x00,0x00,0x00,0x33,0x30,0x00,0x00,0x00,//! 1
   7            0x00,0x10,0x0C,0x06,0x10,0x0C,0x06,0x00,0x00,0x00,0x00,0x00,0x00,0x00,0x00,0x00,//" 2
   8            0x40,0xC0,0x78,0x40,0xC0,0x78,0x40,0x00,0x04,0x3F,0x04,0x04,0x3F,0x04,0x04,0x00,//# 3
   9            0x00,0x70,0x88,0xFC,0x08,0x30,0x00,0x00,0x00,0x18,0x20,0xFF,0x21,0x1E,0x00,0x00,//$ 4
  10            0xF0,0x08,0xF0,0x00,0xE0,0x18,0x00,0x00,0x00,0x21,0x1C,0x03,0x1E,0x21,0x1E,0x00,//% 5
  11            0x00,0xF0,0x08,0x88,0x70,0x00,0x00,0x00,0x1E,0x21,0x23,0x24,0x19,0x27,0x21,0x10,//& 6
  12            0x10,0x16,0x0E,0x00,0x00,0x00,0x00,0x00,0x00,0x00,0x00,0x00,0x00,0x00,0x00,0x00,//' 7
  13            0x00,0x00,0x00,0xE0,0x18,0x04,0x02,0x00,0x00,0x00,0x00,0x07,0x18,0x20,0x40,0x00,//( 8
  14            0x00,0x02,0x04,0x18,0xE0,0x00,0x00,0x00,0x00,0x40,0x20,0x18,0x07,0x00,0x00,0x00,//) 9
  15            0x40,0x40,0x80,0xF0,0x80,0x40,0x40,0x00,0x02,0x02,0x01,0x0F,0x01,0x02,0x02,0x00,//* 10
  16            0x00,0x00,0x00,0xF0,0x00,0x00,0x00,0x00,0x01,0x01,0x01,0x1F,0x01,0x01,0x01,0x00,//+ 11
  17            0x00,0x00,0x00,0x00,0x00,0x00,0x00,0x00,0x80,0xB0,0x70,0x00,0x00,0x00,0x00,0x00,//, 12
  18            0x00,0x00,0x00,0x00,0x00,0x00,0x00,0x00,0x00,0x01,0x01,0x01,0x01,0x01,0x01,0x01,//- 13
  19            0x00,0x00,0x00,0x00,0x00,0x00,0x00,0x00,0x00,0x30,0x30,0x00,0x00,0x00,0x00,0x00,//. 14
  20            0x00,0x00,0x00,0x00,0x80,0x60,0x18,0x04,0x00,0x60,0x18,0x06,0x01,0x00,0x00,0x00,/// 15
  21            0x00,0xE0,0x10,0x08,0x08,0x10,0xE0,0x00,0x00,0x0F,0x10,0x20,0x20,0x10,0x0F,0x00,//0 16
  22            0x00,0x10,0x10,0xF8,0x00,0x00,0x00,0x00,0x00,0x20,0x20,0x3F,0x20,0x20,0x00,0x00,//1 17
  23            0x00,0x70,0x08,0x08,0x08,0x88,0x70,0x00,0x00,0x30,0x28,0x24,0x22,0x21,0x30,0x00,//2 18
  24            0x00,0x30,0x08,0x88,0x88,0x48,0x30,0x00,0x00,0x18,0x20,0x20,0x20,0x11,0x0E,0x00,//3 19
  25            0x00,0x00,0xC0,0x20,0x10,0xF8,0x00,0x00,0x00,0x07,0x04,0x24,0x24,0x3F,0x24,0x00,//4 20
  26            0x00,0xF8,0x08,0x88,0x88,0x08,0x08,0x00,0x00,0x19,0x21,0x20,0x20,0x11,0x0E,0x00,//5 21
  27            0x00,0xE0,0x10,0x88,0x88,0x18,0x00,0x00,0x00,0x0F,0x11,0x20,0x20,0x11,0x0E,0x00,//6 22
  28            0x00,0x38,0x08,0x08,0xC8,0x38,0x08,0x00,0x00,0x00,0x00,0x3F,0x00,0x00,0x00,0x00,//7 23
  29            0x00,0x70,0x88,0x08,0x08,0x88,0x70,0x00,0x00,0x1C,0x22,0x21,0x21,0x22,0x1C,0x00,//8 24
  30            0x00,0xE0,0x10,0x08,0x08,0x10,0xE0,0x00,0x00,0x00,0x31,0x22,0x22,0x11,0x0F,0x00,//9 25
  31            0x00,0x00,0x00,0xC0,0xC0,0x00,0x00,0x00,0x00,0x00,0x00,0x30,0x30,0x00,0x00,0x00,//: 26
  32            0x00,0x00,0x00,0x80,0x00,0x00,0x00,0x00,0x00,0x00,0x80,0x60,0x00,0x00,0x00,0x00,//; 27
  33            0x00,0x00,0x80,0x40,0x20,0x10,0x08,0x00,0x00,0x01,0x02,0x04,0x08,0x10,0x20,0x00,//< 28
  34            0x40,0x40,0x40,0x40,0x40,0x40,0x40,0x00,0x04,0x04,0x04,0x04,0x04,0x04,0x04,0x00,//= 29
  35            0x00,0x08,0x10,0x20,0x40,0x80,0x00,0x00,0x00,0x20,0x10,0x08,0x04,0x02,0x01,0x00,//> 30
  36            0x00,0x70,0x48,0x08,0x08,0x08,0xF0,0x00,0x00,0x00,0x00,0x30,0x36,0x01,0x00,0x00,//? 31
  37            0xC0,0x30,0xC8,0x28,0xE8,0x10,0xE0,0x00,0x07,0x18,0x27,0x24,0x23,0x14,0x0B,0x00,//@ 32
  38            0x00,0x00,0xC0,0x38,0xE0,0x00,0x00,0x00,0x20,0x3C,0x23,0x02,0x02,0x27,0x38,0x20,//A 33
  39            0x08,0xF8,0x88,0x88,0x88,0x70,0x00,0x00,0x20,0x3F,0x20,0x20,0x20,0x11,0x0E,0x00,//B 34
  40            0xC0,0x30,0x08,0x08,0x08,0x08,0x38,0x00,0x07,0x18,0x20,0x20,0x20,0x10,0x08,0x00,//C 35
  41            0x08,0xF8,0x08,0x08,0x08,0x10,0xE0,0x00,0x20,0x3F,0x20,0x20,0x20,0x10,0x0F,0x00,//D 36
  42            0x08,0xF8,0x88,0x88,0xE8,0x08,0x10,0x00,0x20,0x3F,0x20,0x20,0x23,0x20,0x18,0x00,//E 37
  43            0x08,0xF8,0x88,0x88,0xE8,0x08,0x10,0x00,0x20,0x3F,0x20,0x00,0x03,0x00,0x00,0x00,//F 38
  44            0xC0,0x30,0x08,0x08,0x08,0x38,0x00,0x00,0x07,0x18,0x20,0x20,0x22,0x1E,0x02,0x00,//G 39
  45            0x08,0xF8,0x08,0x00,0x00,0x08,0xF8,0x08,0x20,0x3F,0x21,0x01,0x01,0x21,0x3F,0x20,//H 40
  46            0x00,0x08,0x08,0xF8,0x08,0x08,0x00,0x00,0x00,0x20,0x20,0x3F,0x20,0x20,0x00,0x00,//I 41
  47            0x00,0x00,0x08,0x08,0xF8,0x08,0x08,0x00,0xC0,0x80,0x80,0x80,0x7F,0x00,0x00,0x00,//J 42
  48            0x08,0xF8,0x88,0xC0,0x28,0x18,0x08,0x00,0x20,0x3F,0x20,0x01,0x26,0x38,0x20,0x00,//K 43
  49            0x08,0xF8,0x08,0x00,0x00,0x00,0x00,0x00,0x20,0x3F,0x20,0x20,0x20,0x20,0x30,0x00,//L 44
  50            0x08,0xF8,0xF8,0x00,0xF8,0xF8,0x08,0x00,0x20,0x3F,0x00,0x3F,0x00,0x3F,0x20,0x00,//M 45
  51            0x08,0xF8,0x30,0xC0,0x00,0x08,0xF8,0x08,0x20,0x3F,0x20,0x00,0x07,0x18,0x3F,0x00,//N 46
  52            0xE0,0x10,0x08,0x08,0x08,0x10,0xE0,0x00,0x0F,0x10,0x20,0x20,0x20,0x10,0x0F,0x00,//O 47
  53            0x08,0xF8,0x08,0x08,0x08,0x08,0xF0,0x00,0x20,0x3F,0x21,0x01,0x01,0x01,0x00,0x00,//P 48
  54            0xE0,0x10,0x08,0x08,0x08,0x10,0xE0,0x00,0x0F,0x18,0x24,0x24,0x38,0x50,0x4F,0x00,//Q 49
C51 COMPILER V9.52.0.0   OLEDFONT                                                          04/29/2015 09:42:32 PAGE 2   

  55            0x08,0xF8,0x88,0x88,0x88,0x88,0x70,0x00,0x20,0x3F,0x20,0x00,0x03,0x0C,0x30,0x20,//R 50
  56            0x00,0x70,0x88,0x08,0x08,0x08,0x38,0x00,0x00,0x38,0x20,0x21,0x21,0x22,0x1C,0x00,//S 51
  57            0x18,0x08,0x08,0xF8,0x08,0x08,0x18,0x00,0x00,0x00,0x20,0x3F,0x20,0x00,0x00,0x00,//T 52
  58            0x08,0xF8,0x08,0x00,0x00,0x08,0xF8,0x08,0x00,0x1F,0x20,0x20,0x20,0x20,0x1F,0x00,//U 53
  59            0x08,0x78,0x88,0x00,0x00,0xC8,0x38,0x08,0x00,0x00,0x07,0x38,0x0E,0x01,0x00,0x00,//V 54
  60            0xF8,0x08,0x00,0xF8,0x00,0x08,0xF8,0x00,0x03,0x3C,0x07,0x00,0x07,0x3C,0x03,0x00,//W 55
  61            0x08,0x18,0x68,0x80,0x80,0x68,0x18,0x08,0x20,0x30,0x2C,0x03,0x03,0x2C,0x30,0x20,//X 56
  62            0x08,0x38,0xC8,0x00,0xC8,0x38,0x08,0x00,0x00,0x00,0x20,0x3F,0x20,0x00,0x00,0x00,//Y 57
  63            0x10,0x08,0x08,0x08,0xC8,0x38,0x08,0x00,0x20,0x38,0x26,0x21,0x20,0x20,0x18,0x00,//Z 58
  64            0x00,0x00,0x00,0xFE,0x02,0x02,0x02,0x00,0x00,0x00,0x00,0x7F,0x40,0x40,0x40,0x00,//[ 59
  65            0x00,0x0C,0x30,0xC0,0x00,0x00,0x00,0x00,0x00,0x00,0x00,0x01,0x06,0x38,0xC0,0x00,//\ 60
  66            0x00,0x02,0x02,0x02,0xFE,0x00,0x00,0x00,0x00,0x40,0x40,0x40,0x7F,0x00,0x00,0x00,//] 61
  67            0x00,0x00,0x04,0x02,0x02,0x02,0x04,0x00,0x00,0x00,0x00,0x00,0x00,0x00,0x00,0x00,//^ 62
  68            0x00,0x00,0x00,0x00,0x00,0x00,0x00,0x00,0x80,0x80,0x80,0x80,0x80,0x80,0x80,0x80,//_ 63
  69            0x00,0x02,0x02,0x04,0x00,0x00,0x00,0x00,0x00,0x00,0x00,0x00,0x00,0x00,0x00,0x00,//` 64
  70            0x00,0x00,0x80,0x80,0x80,0x80,0x00,0x00,0x00,0x19,0x24,0x22,0x22,0x22,0x3F,0x20,//a 65
  71            0x08,0xF8,0x00,0x80,0x80,0x00,0x00,0x00,0x00,0x3F,0x11,0x20,0x20,0x11,0x0E,0x00,//b 66
  72            0x00,0x00,0x00,0x80,0x80,0x80,0x00,0x00,0x00,0x0E,0x11,0x20,0x20,0x20,0x11,0x00,//c 67
  73            0x00,0x00,0x00,0x80,0x80,0x88,0xF8,0x00,0x00,0x0E,0x11,0x20,0x20,0x10,0x3F,0x20,//d 68
  74            0x00,0x00,0x80,0x80,0x80,0x80,0x00,0x00,0x00,0x1F,0x22,0x22,0x22,0x22,0x13,0x00,//e 69
  75            0x00,0x80,0x80,0xF0,0x88,0x88,0x88,0x18,0x00,0x20,0x20,0x3F,0x20,0x20,0x00,0x00,//f 70
  76            0x00,0x00,0x80,0x80,0x80,0x80,0x80,0x00,0x00,0x6B,0x94,0x94,0x94,0x93,0x60,0x00,//g 71
  77            0x08,0xF8,0x00,0x80,0x80,0x80,0x00,0x00,0x20,0x3F,0x21,0x00,0x00,0x20,0x3F,0x20,//h 72
  78            0x00,0x80,0x98,0x98,0x00,0x00,0x00,0x00,0x00,0x20,0x20,0x3F,0x20,0x20,0x00,0x00,//i 73
  79            0x00,0x00,0x00,0x80,0x98,0x98,0x00,0x00,0x00,0xC0,0x80,0x80,0x80,0x7F,0x00,0x00,//j 74
  80            0x08,0xF8,0x00,0x00,0x80,0x80,0x80,0x00,0x20,0x3F,0x24,0x02,0x2D,0x30,0x20,0x00,//k 75
  81            0x00,0x08,0x08,0xF8,0x00,0x00,0x00,0x00,0x00,0x20,0x20,0x3F,0x20,0x20,0x00,0x00,//l 76
  82            0x80,0x80,0x80,0x80,0x80,0x80,0x80,0x00,0x20,0x3F,0x20,0x00,0x3F,0x20,0x00,0x3F,//m 77
  83            0x80,0x80,0x00,0x80,0x80,0x80,0x00,0x00,0x20,0x3F,0x21,0x00,0x00,0x20,0x3F,0x20,//n 78
  84            0x00,0x00,0x80,0x80,0x80,0x80,0x00,0x00,0x00,0x1F,0x20,0x20,0x20,0x20,0x1F,0x00,//o 79
  85            0x80,0x80,0x00,0x80,0x80,0x00,0x00,0x00,0x80,0xFF,0xA1,0x20,0x20,0x11,0x0E,0x00,//p 80
  86            0x00,0x00,0x00,0x80,0x80,0x80,0x80,0x00,0x00,0x0E,0x11,0x20,0x20,0xA0,0xFF,0x80,//q 81
  87            0x80,0x80,0x80,0x00,0x80,0x80,0x80,0x00,0x20,0x20,0x3F,0x21,0x20,0x00,0x01,0x00,//r 82
  88            0x00,0x00,0x80,0x80,0x80,0x80,0x80,0x00,0x00,0x33,0x24,0x24,0x24,0x24,0x19,0x00,//s 83
  89            0x00,0x80,0x80,0xE0,0x80,0x80,0x00,0x00,0x00,0x00,0x00,0x1F,0x20,0x20,0x00,0x00,//t 84
  90            0x80,0x80,0x00,0x00,0x00,0x80,0x80,0x00,0x00,0x1F,0x20,0x20,0x20,0x10,0x3F,0x20,//u 85
  91            0x80,0x80,0x80,0x00,0x00,0x80,0x80,0x80,0x00,0x01,0x0E,0x30,0x08,0x06,0x01,0x00,//v 86
  92            0x80,0x80,0x00,0x80,0x00,0x80,0x80,0x80,0x0F,0x30,0x0C,0x03,0x0C,0x30,0x0F,0x00,//w 87
  93            0x00,0x80,0x80,0x00,0x80,0x80,0x80,0x00,0x00,0x20,0x31,0x2E,0x0E,0x31,0x20,0x00,//x 88
  94            0x80,0x80,0x80,0x00,0x00,0x80,0x80,0x80,0x80,0x81,0x8E,0x70,0x18,0x06,0x01,0x00,//y 89
  95            0x00,0x80,0x80,0x80,0x80,0x80,0x80,0x00,0x00,0x21,0x30,0x2C,0x22,0x21,0x30,0x00,//z 90
  96            0x00,0x00,0x00,0x00,0x80,0x7C,0x02,0x02,0x00,0x00,0x00,0x00,0x00,0x3F,0x40,0x40,//{ 91
  97            0x00,0x00,0x00,0x00,0xFF,0x00,0x00,0x00,0x00,0x00,0x00,0x00,0xFF,0x00,0x00,0x00,//| 92
  98            0x00,0x02,0x02,0x7C,0x80,0x00,0x00,0x00,0x00,0x40,0x40,0x3F,0x00,0x00,0x00,0x00,//} 93
  99            0x00,0x06,0x01,0x01,0x02,0x02,0x04,0x04,0x00,0x00,0x00,0x00,0x00,0x00,0x00,0x00,//~ 94
 100          };
 101          
 102          unsigned char code F16x16[] = 
 103          {
 104          /*--  文字:  飞  --*/
 105          /*--  楷体12;  此字体下对应的点阵为：宽x高=16x16   --*/
 106          0x10,0x10,0x10,0x10,0x18,0x08,0x08,0xF8,0xF8,0xF8,0xE8,0xF8,0x18,0x10,0x00,0x00,
 107          0x00,0x00,0x00,0x00,0x00,0x00,0x00,0x03,0x0F,0x1F,0x31,0x31,0x21,0x7C,0x7C,0x00,
 108          
 109          /*--  文字:  宇  --*/
 110          /*--  楷体12;  此字体下对应的点阵为：宽x高=16x16   --*/
 111          0x00,0x00,0x70,0x38,0x90,0xD0,0xD2,0xD6,0xDE,0x5C,0x48,0x38,0x38,0x18,0x10,0x00,
 112          0x00,0x00,0x02,0x02,0x02,0x42,0xC2,0xFF,0x7F,0x03,0x03,0x01,0x03,0x03,0x00,0x00,
 113          
 114          /*--  文字:  智  --*/
 115          /*--  楷体12;  此字体下对应的点阵为：宽x高=16x16   --*/
 116          0x00,0x80,0xA0,0xF0,0xFE,0xFE,0xFE,0xE8,0xB8,0xF0,0xF0,0x90,0xF0,0x70,0x30,0x00,
C51 COMPILER V9.52.0.0   OLEDFONT                                                          04/29/2015 09:42:32 PAGE 3   

 117          0x00,0x00,0x04,0x06,0x03,0x7F,0x7E,0x6A,0x2A,0x6A,0xFE,0x7E,0x02,0x00,0x00,0x00,
 118          
 119          /*--  文字:  能  --*/
 120          /*--  楷体12;  此字体下对应的点阵为：宽x高=16x16   --*/
 121          0x00,0x40,0x60,0x78,0xDC,0xFC,0xF4,0x62,0xFE,0xFE,0x98,0xC8,0xE8,0x60,0x00,0x00,
 122          0x00,0x20,0x3F,0x3F,0x2B,0x7F,0x7F,0x01,0x3F,0x3F,0x66,0x62,0x62,0x38,0x38,0x00,
 123          
 124          /*--  文字:  科  --*/
 125          /*--  楷体12;  此字体下对应的点阵为：宽x高=16x16   --*/
 126          0x80,0x80,0x80,0xF0,0xF8,0xFC,0x5C,0x44,0x50,0xD0,0xFE,0xFE,0xFC,0x00,0x00,0x00,
 127          0x08,0x0C,0x0E,0x07,0x3F,0x3F,0x03,0x03,0x02,0x02,0x3F,0xFF,0x7F,0x01,0x01,0x00,
 128          
 129          /*--  文字:  技  --*/
 130          /*--  楷体12;  此字体下对应的点阵为：宽x高=16x16   --*/
 131          0x00,0x00,0x40,0x40,0xFE,0xFE,0x24,0x20,0x20,0xFC,0xFC,0xB4,0x10,0x10,0x00,0x00,
 132          0x04,0x04,0x04,0x26,0x7F,0x7F,0x21,0x23,0x37,0x1D,0x1F,0x3F,0x31,0x20,0x60,0x40,
 133          
 134          /*--  文字:  保  --*/
 135          /*--  楷体12;  此字体下对应的点阵为：宽x高=16x16   --*/
 136          0x00,0x80,0xE0,0xF8,0xFC,0x0C,0x38,0x78,0xEC,0xEC,0xBC,0xBC,0x8C,0x80,0x80,0x00,
 137          0x03,0x03,0x01,0x3F,0x3F,0x39,0x1D,0x0F,0x7F,0x7F,0x07,0x0E,0x1C,0x18,0x10,0x00,
 138          
 139          /*--  文字:  持  --*/
 140          /*--  楷体12;  此字体下对应的点阵为：宽x高=16x16   --*/
 141          0x00,0x00,0x40,0x62,0xFE,0xFE,0xA0,0x80,0xA0,0xFE,0xFE,0xFE,0xD0,0x50,0xC0,0x00,
 142          0x04,0x04,0x26,0x27,0x3F,0x3F,0x05,0x05,0x0E,0x4A,0x6B,0x7F,0x7F,0x02,0x02,0x00,
 143          
 144          /*--  文字:  诚  --*/
 145          /*--  楷体12;  此字体下对应的点阵为：宽x高=16x16   --*/
 146          0x00,0x80,0x80,0x8C,0x8C,0x08,0x80,0x82,0xDE,0xFE,0xF8,0x48,0xC8,0x80,0x00,0x00,
 147          0x01,0x01,0x39,0x3F,0x3F,0x38,0x3F,0x3F,0x3E,0x3F,0x1F,0x1F,0x3F,0x73,0x70,0x00,
 148          
 149          /*--  文字:  信  --*/
 150          /*--  楷体12;  此字体下对应的点阵为：宽x高=16x16   --*/
 151          0x00,0x00,0xC0,0xF0,0xFC,0xBC,0x24,0xA0,0xA4,0xAC,0xAC,0xAC,0xB0,0x30,0x30,0x00,
 152          0x02,0x03,0x01,0x7F,0x7F,0x00,0x08,0x3A,0x3A,0x2A,0x2E,0x3E,0x3E,0x08,0x00,0x00,
 153          
 154          /*--  文字:  勇  --*/
 155          /*--  楷体12;  此字体下对应的点阵为：宽x高=16x16   --*/
 156          0x00,0x00,0x00,0x20,0xE4,0xE4,0x6C,0xFC,0xFC,0xDE,0xD6,0xF6,0xF0,0x10,0x00,0x00,
 157          0x00,0x00,0x80,0xC4,0x67,0x77,0x3D,0x5F,0x4F,0x64,0x7D,0x7D,0x1C,0x00,0x00,0x00,
 158          
 159          /*--  文字:  于  --*/
 160          /*--  楷体12;  此字体下对应的点阵为：宽x高=16x16   --*/
 161          0x00,0x80,0x80,0x80,0x88,0x88,0x88,0xF8,0xF8,0x4C,0x4C,0x4C,0x40,0x40,0x40,0x00,
 162          0x00,0x00,0x00,0x00,0x00,0x20,0x60,0x7F,0x7F,0x00,0x00,0x00,0x00,0x00,0x00,0x00,
 163          
 164          /*--  文字:  创  --*/
 165          /*--  楷体12;  此字体下对应的点阵为：宽x高=16x16   --*/
 166          0x00,0x00,0x80,0xE0,0x78,0xBC,0xBC,0xB0,0x20,0xE0,0xE0,0xE4,0xFC,0xFC,0x04,0x00,
 167          0x00,0x03,0x03,0x1F,0x3F,0x25,0x2F,0x37,0x38,0x33,0x27,0x67,0x7F,0x7F,0x00,0x00,
 168          
 169          /*--  文字:  新  --*/
 170          /*--  楷体12;  此字体下对应的点阵为：宽x高=16x16   --*/
 171          0x80,0x80,0x80,0xB0,0xF2,0xFE,0xFE,0x7C,0xF8,0xF0,0xF8,0xCC,0xCC,0x48,0x40,0x40,
 172          0x00,0x08,0x1E,0x1E,0x1F,0x3F,0x1F,0x35,0x3F,0x0F,0x01,0x7F,0x7F,0x00,0x00,0x00
 173          
 174          };
 175          unsigned char code BMP1[] =
 176          {
 177            0x00,0x03,0x05,0x09,0x11,0xFF,0x11,0x89,0x05,0xC3,0x00,0xE0,0x00,0xF0,0x00,0xF8,
 178            0x00,0x00,0x00,0x00,0x00,0x00,0x00,0x44,0x28,0xFF,0x11,0xAA,0x44,0x00,0x00,0x00,
C51 COMPILER V9.52.0.0   OLEDFONT                                                          04/29/2015 09:42:32 PAGE 4   

 179            0x00,0x00,0x00,0x00,0x00,0x00,0x00,0x00,0x00,0x00,0x00,0x00,0x00,0x00,0x00,0x00,
 180            0x00,0x00,0x00,0x00,0x00,0x00,0x00,0x00,0x00,0x00,0x00,0x00,0x00,0x00,0x00,0x00,
 181            0x00,0x00,0x00,0x00,0x00,0x00,0x00,0x00,0x00,0x00,0x00,0x00,0x00,0x00,0x00,0x00,
 182            0x00,0x00,0x00,0x00,0x00,0x00,0x00,0x00,0x00,0x00,0x83,0x01,0x38,0x44,0x82,0x92,
 183            0x92,0x74,0x01,0x83,0x00,0x00,0x00,0x00,0x00,0x00,0x00,0x7C,0x44,0xFF,0x01,0x7D,
 184            0x7D,0x7D,0x01,0x7D,0x7D,0x7D,0x7D,0x01,0x7D,0x7D,0x7D,0x7D,0x7D,0x01,0xFF,0x00,
 185            0x00,0x00,0x00,0x00,0x00,0x01,0x00,0x01,0x00,0x01,0x00,0x01,0x00,0x01,0x00,0x01,
 186            0x00,0x00,0x00,0x00,0x00,0x00,0x00,0x00,0x00,0x01,0x01,0x00,0x00,0x00,0x00,0x00,
 187            0x00,0x00,0x00,0x00,0x00,0x00,0x00,0x00,0x00,0x00,0x00,0x00,0x00,0x00,0x00,0x00,
 188            0x00,0x00,0x00,0x00,0x00,0x00,0x00,0x00,0x00,0x00,0x00,0x00,0x00,0x00,0x00,0x00,
 189            0x00,0x00,0x00,0x00,0x00,0x00,0x00,0x00,0x00,0x00,0x00,0x00,0x00,0x00,0x00,0x00,
 190            0x00,0x00,0x00,0x00,0x00,0x00,0x00,0x00,0x00,0x00,0x01,0x01,0x00,0x00,0x00,0x00,
 191            0x00,0x00,0x01,0x01,0x00,0x00,0x00,0x00,0x00,0x00,0x00,0x00,0x00,0x01,0x01,0x01,
 192            0x01,0x01,0x01,0x01,0x01,0x01,0x01,0x01,0x01,0x01,0x01,0x01,0x01,0x01,0x01,0x00,
 193            0x00,0x00,0x00,0x00,0x00,0x00,0x00,0x00,0x00,0x00,0x00,0x00,0x00,0x00,0x00,0x00,
 194            0x00,0x00,0x00,0x00,0x00,0x00,0x00,0x00,0x00,0x00,0x00,0x00,0x3F,0x3F,0x03,0x03,
 195            0xF3,0x13,0x11,0x11,0x11,0x11,0x11,0x11,0x01,0xF1,0x11,0x61,0x81,0x01,0x01,0x01,
 196            0x81,0x61,0x11,0xF1,0x01,0x01,0x01,0x01,0x41,0x41,0xF1,0x01,0x01,0x01,0x01,0x01,
 197            0xC1,0x21,0x11,0x11,0x11,0x11,0x21,0xC1,0x01,0x01,0x01,0x01,0x41,0x41,0xF1,0x01,
 198            0x01,0x01,0x01,0x01,0x01,0x01,0x01,0x01,0x01,0x11,0x11,0x11,0x11,0x11,0xD3,0x33,
 199            0x03,0x03,0x3F,0x3F,0x00,0x00,0x00,0x00,0x00,0x00,0x00,0x00,0x00,0x00,0x00,0x00,
 200            0x00,0x00,0x00,0x00,0x00,0x00,0x00,0x00,0x00,0x00,0x00,0x00,0x00,0x00,0x00,0x00,
 201            0x00,0x00,0x00,0x00,0x00,0x00,0x00,0x00,0x00,0x00,0x00,0x00,0x00,0x00,0x00,0x00,
 202            0x00,0x00,0x00,0x00,0x00,0x00,0x00,0x00,0x00,0x00,0x00,0x00,0xE0,0xE0,0x00,0x00,
 203            0x7F,0x01,0x01,0x01,0x01,0x01,0x01,0x00,0x00,0x7F,0x00,0x00,0x01,0x06,0x18,0x06,
 204            0x01,0x00,0x00,0x7F,0x00,0x00,0x00,0x00,0x40,0x40,0x7F,0x40,0x40,0x00,0x00,0x00,
 205            0x1F,0x20,0x40,0x40,0x40,0x40,0x20,0x1F,0x00,0x00,0x00,0x00,0x40,0x40,0x7F,0x40,
 206            0x40,0x00,0x00,0x00,0x00,0x60,0x00,0x00,0x00,0x00,0x40,0x30,0x0C,0x03,0x00,0x00,
 207            0x00,0x00,0xE0,0xE0,0x00,0x00,0x00,0x00,0x00,0x00,0x00,0x00,0x00,0x00,0x00,0x00,
 208            0x00,0x00,0x00,0x00,0x00,0x00,0x00,0x00,0x00,0x00,0x00,0x00,0x00,0x00,0x00,0x00,
 209            0x00,0x00,0x00,0x00,0x00,0x00,0x00,0x00,0x00,0x00,0x00,0x00,0x00,0x00,0x00,0x00,
 210            0x00,0x00,0x00,0x00,0x00,0x00,0x00,0x00,0x00,0x00,0x00,0x00,0x07,0x07,0x06,0x06,
 211            0x06,0x06,0x04,0x04,0x04,0x84,0x44,0x44,0x44,0x84,0x04,0x04,0x84,0x44,0x44,0x44,
 212            0x84,0x04,0x04,0x04,0x84,0xC4,0x04,0x04,0x04,0x04,0x84,0x44,0x44,0x44,0x84,0x04,
 213            0x04,0x04,0x04,0x04,0x84,0x44,0x44,0x44,0x84,0x04,0x04,0x04,0x04,0x04,0x84,0x44,
 214            0x44,0x44,0x84,0x04,0x04,0x84,0x44,0x44,0x44,0x84,0x04,0x04,0x04,0x04,0x06,0x06,
 215            0x06,0x06,0x07,0x07,0x00,0x00,0x00,0x00,0x00,0x00,0x00,0x00,0x00,0x00,0x00,0x00,
 216            0x00,0x00,0x00,0x00,0x00,0x00,0x00,0x00,0x00,0x00,0x00,0x00,0x00,0x00,0x00,0x00,
 217            0x00,0x00,0x00,0x00,0x00,0x00,0x00,0x00,0x00,0x00,0x00,0x00,0x00,0x00,0x00,0x00,
 218            0x00,0x00,0x00,0x00,0x00,0x00,0x00,0x00,0x00,0x00,0x00,0x00,0x00,0x00,0x00,0x00,
 219            0x00,0x00,0x00,0x00,0x00,0x10,0x18,0x14,0x12,0x11,0x00,0x00,0x0F,0x10,0x10,0x10,
 220            0x0F,0x00,0x00,0x00,0x10,0x1F,0x10,0x00,0x00,0x00,0x08,0x10,0x12,0x12,0x0D,0x00,
 221            0x00,0x18,0x00,0x00,0x0D,0x12,0x12,0x12,0x0D,0x00,0x00,0x18,0x00,0x00,0x10,0x18,
 222            0x14,0x12,0x11,0x00,0x00,0x10,0x18,0x14,0x12,0x11,0x00,0x00,0x00,0x00,0x00,0x00,
 223            0x00,0x00,0x00,0x00,0x00,0x00,0x00,0x00,0x00,0x00,0x00,0x00,0x00,0x00,0x00,0x00,
 224            0x00,0x00,0x00,0x00,0x00,0x00,0x00,0x00,0x00,0x00,0x00,0x00,0x00,0x00,0x00,0x00,
 225            0x00,0x00,0x00,0x00,0x00,0x00,0x00,0x00,0x00,0x00,0x00,0x00,0x00,0x00,0x00,0x00,
 226            0x00,0x00,0x00,0x00,0x00,0x00,0x00,0x00,0x00,0x00,0x00,0x00,0x00,0x00,0x00,0x00,
 227            0x00,0x00,0x00,0x00,0x00,0x00,0x00,0x00,0x00,0x00,0x00,0x00,0x00,0x00,0x00,0x00,
 228            0x00,0x00,0x00,0x00,0x00,0x00,0x00,0x00,0x00,0x00,0x00,0x00,0x80,0x80,0x80,0x80,
 229            0x80,0x80,0x80,0x80,0x00,0x00,0x00,0x00,0x00,0x00,0x00,0x00,0x00,0x00,0x00,0x00,
 230            0x00,0x00,0x00,0x00,0x00,0x00,0x00,0x00,0x00,0x00,0x00,0x00,0x00,0x00,0x00,0x00,
 231            0x00,0x00,0x00,0x00,0x00,0x00,0x00,0x00,0x00,0x00,0x00,0x00,0x00,0x00,0x00,0x00,
 232            0x00,0x00,0x00,0x00,0x00,0x00,0x00,0x00,0x00,0x00,0x00,0x00,0x00,0x00,0x00,0x00,
 233            0x00,0x7F,0x03,0x0C,0x30,0x0C,0x03,0x7F,0x00,0x00,0x38,0x54,0x54,0x58,0x00,0x00,
 234            0x7C,0x04,0x04,0x78,0x00,0x00,0x3C,0x40,0x40,0x7C,0x00,0x00,0x00,0x00,0x00,0x00,
 235            0x00,0x00,0x00,0x00,0x00,0x00,0x00,0x00,0x00,0x00,0x00,0x00,0x00,0x00,0x00,0x00,
 236            0x00,0x00,0x00,0x00,0x00,0x00,0x00,0x00,0x00,0x00,0x00,0x00,0xFF,0xAA,0xAA,0xAA,
 237            0x28,0x08,0x00,0xFF,0x00,0x00,0x00,0x00,0x00,0x00,0x00,0x00,0x00,0x00,0x00,0x00,
 238            0x00,0x00,0x00,0x00,0x00,0x00,0x00,0x00,0x00,0x00,0x00,0x00,0x00,0x00,0x00,0x00,
 239            0x00,0x00,0x00,0x00,0x00,0x00,0x00,0x00,0x00,0x7F,0x03,0x0C,0x30,0x0C,0x03,0x7F,
 240            0x00,0x00,0x26,0x49,0x49,0x49,0x32,0x00,0x00,0x7F,0x02,0x04,0x08,0x10,0x7F,0x00,
C51 COMPILER V9.52.0.0   OLEDFONT                                                          04/29/2015 09:42:32 PAGE 5   

 241          };
 242          
 243          unsigned char code BMP2[] =
 244          {
 245            0x00,0x03,0x05,0x09,0x11,0xFF,0x11,0x89,0x05,0xC3,0x00,0xE0,0x00,0xF0,0x00,0xF8,
 246            0x00,0x00,0x00,0x00,0x00,0x00,0x00,0x44,0x28,0xFF,0x11,0xAA,0x44,0x00,0x00,0x00,
 247            0x00,0x00,0x00,0x00,0x00,0x00,0x00,0x00,0x00,0x00,0x00,0x00,0x00,0x00,0x00,0x00,
 248            0x00,0x00,0x00,0x00,0x00,0x00,0x00,0x00,0x00,0x00,0x00,0x00,0x00,0x00,0x00,0x00,
 249            0x00,0x00,0x00,0x00,0x00,0x00,0x00,0x00,0x00,0x00,0x00,0x00,0x00,0x00,0x00,0x00,
 250            0x00,0x00,0x00,0x00,0x00,0x00,0x00,0x00,0x00,0x00,0x83,0x01,0x38,0x44,0x82,0x92,
 251            0x92,0x74,0x01,0x83,0x00,0x00,0x00,0x00,0x00,0x00,0x00,0x7C,0x44,0xFF,0x01,0x7D,
 252            0x7D,0x7D,0x7D,0x01,0x7D,0x7D,0x7D,0x7D,0x01,0x7D,0x7D,0x7D,0x7D,0x01,0xFF,0x00,
 253            0x00,0x00,0x00,0x00,0x00,0x01,0x00,0x01,0x00,0x01,0x00,0x01,0x00,0x01,0x00,0x01,
 254            0x00,0x00,0x00,0x00,0x00,0x00,0x00,0x00,0x00,0x01,0x01,0x00,0x00,0x00,0x00,0x00,
 255            0x00,0x00,0x00,0x00,0x00,0x00,0x00,0x00,0x00,0x00,0x00,0x00,0x00,0x00,0x00,0x00,
 256            0x00,0x00,0x00,0x00,0x00,0x00,0x00,0x00,0x00,0x00,0x00,0x00,0x00,0x00,0x00,0x00,
 257            0x00,0x00,0x00,0x00,0x00,0x00,0x00,0x00,0x00,0x00,0x00,0x00,0x00,0x00,0x00,0x00,
 258            0x00,0x00,0x00,0x00,0x00,0x00,0x00,0x00,0x00,0x00,0x01,0x01,0x00,0x00,0x00,0x00,
 259            0x00,0x00,0x01,0x01,0x00,0x00,0x00,0x00,0x00,0x00,0x00,0x00,0x00,0x01,0x01,0x01,
 260            0x01,0x01,0x01,0x01,0x01,0x01,0x01,0x01,0x01,0x01,0x01,0x01,0x01,0x01,0x01,0x00,
 261            0x00,0x00,0x00,0x00,0x00,0x00,0x00,0x00,0x00,0x00,0x00,0x00,0x00,0x00,0x00,0x00,
 262            0x00,0x00,0x00,0x00,0x00,0x00,0x00,0x00,0x00,0x00,0x00,0x00,0x00,0x00,0x00,0xF8,
 263            0x08,0x08,0x08,0x08,0x08,0x08,0x08,0x00,0xF8,0x18,0x60,0x80,0x00,0x00,0x00,0x80,
 264            0x60,0x18,0xF8,0x00,0x00,0x00,0x20,0x20,0xF8,0x00,0x00,0x00,0x00,0x00,0x00,0xE0,
 265            0x10,0x08,0x08,0x08,0x08,0x10,0xE0,0x00,0x00,0x00,0x20,0x20,0xF8,0x00,0x00,0x00,
 266            0x00,0x00,0x00,0x00,0x00,0x00,0x00,0x00,0x00,0x08,0x08,0x08,0x08,0x08,0x88,0x68,
 267            0x18,0x00,0x00,0x00,0x00,0x00,0x00,0x00,0x00,0x00,0x00,0x00,0x00,0x00,0x00,0x00,
 268            0x00,0x00,0x00,0x00,0x00,0x00,0x00,0x00,0x00,0x00,0x00,0x00,0x00,0x00,0x00,0x00,
 269            0x00,0x00,0x00,0x00,0x00,0x00,0x00,0x00,0x00,0x00,0x00,0x00,0x00,0x00,0x00,0x00,
 270            0x00,0x00,0x00,0x00,0x00,0x00,0x00,0x00,0x00,0x00,0x00,0x00,0x00,0x00,0x00,0x7F,
 271            0x01,0x01,0x01,0x01,0x01,0x01,0x00,0x00,0x7F,0x00,0x00,0x01,0x06,0x18,0x06,0x01,
 272            0x00,0x00,0x7F,0x00,0x00,0x00,0x40,0x40,0x7F,0x40,0x40,0x00,0x00,0x00,0x00,0x1F,
 273            0x20,0x40,0x40,0x40,0x40,0x20,0x1F,0x00,0x00,0x00,0x40,0x40,0x7F,0x40,0x40,0x00,
 274            0x00,0x00,0x00,0x00,0x60,0x00,0x00,0x00,0x00,0x00,0x00,0x60,0x18,0x06,0x01,0x00,
 275            0x00,0x00,0x00,0x00,0x00,0x00,0x00,0x00,0x00,0x00,0x00,0x00,0x00,0x00,0x00,0x00,
 276            0x00,0x00,0x00,0x00,0x00,0x00,0x00,0x00,0x00,0x00,0x00,0x00,0x00,0x00,0x00,0x00,
 277            0x00,0x00,0x00,0x00,0x00,0x00,0x00,0x00,0x00,0x00,0x00,0x00,0x00,0x00,0x00,0x00,
 278            0x00,0x00,0x00,0x00,0x00,0x00,0x00,0x00,0x00,0x00,0x00,0x00,0x00,0x00,0x00,0x00,
 279            0x00,0x00,0x00,0x00,0x00,0x40,0x20,0x20,0x20,0xC0,0x00,0x00,0xE0,0x20,0x20,0x20,
 280            0xE0,0x00,0x00,0x00,0x40,0xE0,0x00,0x00,0x00,0x00,0x60,0x20,0x20,0x20,0xE0,0x00,
 281            0x00,0x00,0x00,0x00,0xE0,0x20,0x20,0x20,0xE0,0x00,0x00,0x00,0x00,0x00,0x40,0x20,
 282            0x20,0x20,0xC0,0x00,0x00,0x40,0x20,0x20,0x20,0xC0,0x00,0x00,0x00,0x00,0x00,0x00,
 283            0x00,0x00,0x00,0x00,0x00,0x00,0x00,0x00,0x00,0x00,0x00,0x00,0x00,0x00,0x00,0x00,
 284            0x00,0x00,0x00,0x00,0x00,0x00,0x00,0x00,0x00,0x00,0x00,0x00,0x00,0x00,0x00,0x00,
 285            0x00,0x00,0x00,0x00,0x00,0x00,0x00,0x00,0x00,0x00,0x00,0x00,0x00,0x00,0x00,0x00,
 286            0x00,0x00,0x00,0x00,0x00,0x00,0x00,0x00,0x00,0x00,0x00,0x00,0x00,0x00,0x00,0x00,
 287            0x00,0x00,0x00,0x00,0x00,0x0C,0x0A,0x0A,0x09,0x0C,0x00,0x00,0x0F,0x08,0x08,0x08,
 288            0x0F,0x00,0x00,0x00,0x08,0x0F,0x08,0x00,0x00,0x00,0x0C,0x08,0x09,0x09,0x0E,0x00,
 289            0x00,0x0C,0x00,0x00,0x0F,0x09,0x09,0x09,0x0F,0x00,0x00,0x0C,0x00,0x00,0x0C,0x0A,
 290            0x0A,0x09,0x0C,0x00,0x00,0x0C,0x0A,0x0A,0x09,0x0C,0x00,0x00,0x00,0x00,0x00,0x00,
 291            0x00,0x00,0x00,0x00,0x00,0x00,0x00,0x00,0x00,0x00,0x00,0x00,0x00,0x00,0x00,0x00,
 292            0x00,0x00,0x00,0x00,0x00,0x00,0x00,0x00,0x00,0x00,0x00,0x00,0x00,0x00,0x00,0x00,
 293            0x00,0x00,0x00,0x00,0x00,0x00,0x00,0x00,0x00,0x00,0x00,0x00,0x00,0x00,0x00,0x00,
 294            0x00,0x00,0x00,0x00,0x00,0x00,0x00,0x00,0x00,0x00,0x00,0x00,0x00,0x00,0x00,0x00,
 295            0x00,0x00,0x00,0x00,0x00,0x00,0x00,0x00,0x00,0x00,0x00,0x00,0x00,0x00,0x00,0x00,
 296            0x00,0x00,0x00,0x00,0x00,0x00,0x00,0x00,0x00,0x00,0x00,0x00,0x80,0x80,0x80,0x80,
 297            0x80,0x80,0x80,0x80,0x00,0x00,0x00,0x00,0x00,0x00,0x00,0x00,0x00,0x00,0x00,0x00,
 298            0x00,0x00,0x00,0x00,0x00,0x00,0x00,0x00,0x00,0x00,0x00,0x00,0x00,0x00,0x00,0x00,
 299            0x00,0x00,0x00,0x00,0x00,0x00,0x00,0x00,0x00,0x00,0x00,0x00,0x00,0x00,0x00,0x00,
 300            0x00,0x00,0x00,0x00,0x00,0x00,0x00,0x00,0x00,0x00,0x00,0x00,0x00,0x00,0x00,0x00,
 301            0x00,0x7F,0x03,0x0C,0x30,0x0C,0x03,0x7F,0x00,0x00,0x38,0x54,0x54,0x58,0x00,0x00,
 302            0x7C,0x04,0x04,0x78,0x00,0x00,0x3C,0x40,0x40,0x7C,0x00,0x00,0x00,0x00,0x00,0x00,
C51 COMPILER V9.52.0.0   OLEDFONT                                                          04/29/2015 09:42:32 PAGE 6   

 303            0x00,0x00,0x00,0x00,0x00,0x00,0x00,0x00,0x00,0x00,0x00,0x00,0x00,0x00,0x00,0x00,
 304            0x00,0x00,0x00,0x00,0x00,0x00,0x00,0x00,0x00,0x00,0x00,0x00,0xFF,0xAA,0xAA,0xAA,
 305            0x28,0x08,0x00,0xFF,0x00,0x00,0x00,0x00,0x00,0x00,0x00,0x00,0x00,0x00,0x00,0x00,
 306            0x00,0x00,0x00,0x00,0x00,0x00,0x00,0x00,0x00,0x00,0x00,0x00,0x00,0x00,0x00,0x00,
 307            0x00,0x00,0x00,0x00,0x00,0x00,0x00,0x00,0x00,0x7F,0x03,0x0C,0x30,0x0C,0x03,0x7F,
 308            0x00,0x00,0x26,0x49,0x49,0x49,0x32,0x00,0x00,0x7F,0x02,0x04,0x08,0x10,0x7F,0x00,
 309            
 310          };
 311          
 312          


MODULE INFORMATION:   STATIC OVERLAYABLE
   CODE SIZE        =   ----    ----
   CONSTANT SIZE    =   4016    ----
   XDATA SIZE       =   ----    ----
   PDATA SIZE       =   ----    ----
   DATA SIZE        =   ----    ----
   IDATA SIZE       =   ----    ----
   BIT SIZE         =   ----    ----
END OF MODULE INFORMATION.


C51 COMPILATION COMPLETE.  0 WARNING(S),  0 ERROR(S)
