C51 COMPILER V9.52.0.0   MAIN                                                              04/29/2015 09:19:43 PAGE 1   


C51 COMPILER V9.52.0.0, COMPILATION OF MODULE MAIN
OBJECT MODULE PLACED IN .\Object\main.obj
COMPILER INVOKED BY: C:\Keil\C51\BIN\C51.EXE main.c BROWSE INCDIR(hal\nrf24le1;hal;compiler\c51;compiler\common) DEBUG O
                    -BJECTEXTEND PRINT(.\Lst\main.lst) TABS(2) OBJECT(.\Object\main.obj)

line level    source

   1          /****************************************Copyright (c)****************************************************
   2          **                                        
   3          **                                 
   4          **
   5          **--------------File Info---------------------------------------------------------------------------------
   6          ** File name:     main.c
   7          ** Last modified Date: 2015-4-16         
   8          ** Last Version:       1.2
   9          ** Descriptions: 每隔500ms，nRF24LE1对VDD进行一次采样，并将采样值通过串口输出 
  10          ** ADC配置：
  11          **   基准电压：内部1.2V
  12          **   通道：检测1/3 VDD电压
  13          **   分辨率：12位
  14          **   采样模式：单次采样
  15          **   采样速度：2ksps
  16          **   数据对齐方式：右对齐
  17          ** 串口波特率：57600  
  18          ** 电压计算公式：V =（1.2*3）*采样值/4096           
  19          **--------------------------------------------------------------------------------------------------------
  20          ** Created by:      FiYu
  21          ** Created date:    2014-11-12
  22          ** Version:         1.0
  23          ** Descriptions:              
  24          **--------------------------------------------------------------------------------------------------------
  25          ** Modified by:     
  26          ** Modified date:   
  27          ** Version:       
  28          ** Descriptions:    
  29          ** Rechecked by:      
  30          **********************************************************************************************************
             -/
  31          #include <reg24le1.h>
  32          #include <stdint.h>
  33          #include "hal_adc.h"
  34          #include "hal_uart.h"
  35          #include "hal_clk.h"
  36          #include "hal_delay.h"
  37          
  38          
  39          /*-------------------管脚定义--------------------------------------------------*/
  40          #define  D1    P00  // 开发板上的指示灯D1
  41          
  42          
  43          /* 开发板中nRF24LE1管脚配置
  44          P00：输出，驱动D1        P12：输入，按键检测S1  
  45          P01：输出，驱动D2        P13：输入，按键检测S2
  46          P02：输出，OLED时钟      P14：输出，OLED数据
  47          P03：输出，UART TXD      P15：输出，OLED片选
  48          P04：输入，UART RXD      P16：输出，OLED命令/数据选择
  49          P06：输入，AIN6  AD检测  蜂鸣器驱动(通过跳线选择)
  50          */
  51          
  52          /*******************************************************************************************************
  53           * 描  述 : ADC初始化，用ADC检测VDD电压
C51 COMPILER V9.52.0.0   MAIN                                                              04/29/2015 09:19:43 PAGE 2   

  54           * 入  参 : 无
  55           * 返回值 : 无
  56           *******************************************************************************************************/
  57          void AdcInit(void)
  58          {
  59   1        hal_adc_set_input_channel(HAL_INP_VDD1_3);          // 设置通道 检测1/3 VDD电压                  
  60   1        hal_adc_set_reference(HAL_ADC_REF_INT);             // 设置参考电压 内部1.2V                  
  61   1        hal_adc_set_input_mode(HAL_ADC_SINGLE);             // 单端输入                
  62   1        hal_adc_set_conversion_mode(HAL_ADC_SINGLE_STEP);   // 单次采样模式 
  63   1        hal_adc_set_sampling_rate(HAL_ADC_2KSPS);           // 采样速度为2ksps
  64   1        hal_adc_set_resolution(HAL_ADC_RES_12BIT);          // 12位ADC                     
  65   1        hal_adc_set_data_just(HAL_ADC_JUST_RIGHT);          // 数据右对齐
  66   1        
  67   1        ADCDATH&=0xF0;  
  68   1        ADCDATL&=0x00;  
  69   1      }
  70          
  71          /*******************************************************************************************************
  72           * 描  述 : 配置 IO P0.0和P0.1为输出，驱动LED
  73           * 入  参 : 无
  74           * 返回值 : 无
  75           *******************************************************************************************************/
  76          void IoInit(void)
  77          {
  78   1        P0DIR &= ~0x01;    //配置P0.0 P0.1为输出
  79   1        P0DIR &= ~0x08;    //P03：输出，UART TXD
  80   1        P0DIR |= 0x10;     //P04：输入，UART RXD
  81   1        D1 = 1;            //设置D1初始状态为熄灭
  82   1      }
  83          
  84          /*******************************************************************************************************
  85           * 描  述 : 串口打印16进制字符
  86           * 入  参 : 输出的字符
  87           * 返回值 : 无
  88           *******************************************************************************************************/
  89          void PutHexString (uint8_t x)
  90          {
  91   1        uint8_t c;
  92   1      
  93   1        c = (x>>4)& 0xf;
  94   1        if (c > 9)
  95   1          hal_uart_putchar('A'+c-10);
  96   1        else
  97   1          hal_uart_putchar('0'+c);
  98   1      
  99   1          c = x & 0xf;
 100   1        if (c > 9)
 101   1          hal_uart_putchar('A'+c-10);
 102   1        else
 103   1         hal_uart_putchar('0'+c);
 104   1      }
 105          
 106          /*******************************************************************************************************
 107           * 描  述 : 串口打印字符串
 108           * 入  参 : 字符串地址
 109           * 返回值 : 无
 110           *******************************************************************************************************/
 111          void PutString(char *s)
 112          {
 113   1        while(*s != 0)
 114   1          hal_uart_putchar(*s++);
 115   1      }
C51 COMPILER V9.52.0.0   MAIN                                                              04/29/2015 09:19:43 PAGE 3   

 116          
 117          /*******************************************************************************************************
 118           * 描  述 : 主函数
 119           * 入  参 : 无
 120           * 返回值 : 无
 121           *******************************************************************************************************/
 122          void main()
 123          {
 124   1        IoInit();  //IO初始化
 125   1      
 126   1        hal_uart_init(UART_BAUD_57K6); //初始化UART，波特率57600                     
 127   1      
 128   1        while(hal_clk_get_16m_source() != HAL_CLK_XOSC16M) //等待时钟稳定
 129   1        ;
 130   1        AdcInit(); //ADC初始化
 131   1        EA = 1;    //开启全局中断                                     
 132   1        
 133   1        while(1)
 134   1        {
 135   2          D1 = ~D1;       //D4闪烁指示ADC转换
 136   2          delay_ms(500);
 137   2      
 138   2          hal_adc_start();         // 启动ADC
 139   2          while( hal_adc_busy())   // 等待转换结束
 140   2            ;
 141   2          PutString("ADCC Samping Value(HEX):");      
 142   2          PutHexString(hal_adc_read_MSB());      //串口输出ADC转换结果
 143   2          PutHexString(hal_adc_read_LSB());
 144   2          PutString("\n");
 145   2        }
 146   1      } 
 147          /*****************************************End File********************************************************
             -***/
 148          


MODULE INFORMATION:   STATIC OVERLAYABLE
   CODE SIZE        =    210    ----
   CONSTANT SIZE    =     27    ----
   XDATA SIZE       =   ----    ----
   PDATA SIZE       =   ----    ----
   DATA SIZE        =   ----       5
   IDATA SIZE       =   ----    ----
   BIT SIZE         =   ----    ----
END OF MODULE INFORMATION.


C51 COMPILATION COMPLETE.  0 WARNING(S),  0 ERROR(S)
