C51 COMPILER V9.52.0.0   MAIN                                                              04/20/2015 16:17:04 PAGE 1   


C51 COMPILER V9.52.0.0, COMPILATION OF MODULE MAIN
OBJECT MODULE PLACED IN .\Object\main.obj
COMPILER INVOKED BY: C:\Keil\C51\BIN\C51.EXE main.c LARGE BROWSE INCDIR(compiler\common;hal\nrf24le1;hal;hal\nrf24l01p;c
                    -ompiler\c51) DEBUG OBJECTEXTEND PRINT(.\lst\main.lst) TABS(2) OBJECT(.\Object\main.obj)

line level    source

   1          /****************************************Copyright (c)****************************************************
   2          **                                        
   3          **                                 
   4          **
   5          **--------------File Info---------------------------------------------------------------------------------
   6          ** File name:     main.c
   7          ** Last modified Date:          
   8          ** Last Version:    1.2
   9          ** Descriptions:    
  10          **            
  11          **--------------------------------------------------------------------------------------------------------
  12          ** Created by:      FiYu
  13          ** Created date:    2014-4-16
  14          ** Version:         1.2
  15          ** Descriptions:    GPIO流水灯实验
  16          **            
  17          **--------------------------------------------------------------------------------------------------------
  18          ** Modified by:     
  19          ** Modified date:   
  20          ** Version:       
  21          ** Descriptions:    
  22          **
  23          ** Rechecked by:      
  24          **********************************************************************************************************
             -/
  25          #include <reg24le1.h>
  26          #include <stdio.h> 
  27          #include <stdint.h>
  28          #include <stdbool.h>
  29          #include "hal_delay.h"
  30          
  31          
  32          /*-------------------管脚定义--------------------------------------------------*/
  33          #define  D1    P00  // 开发板上的指示灯D1
  34          #define  D2    P01  // 开发板上的指示灯D2
  35          
  36          /* 开发板中nRF24LE1管脚配置
  37          P00：输出，驱动D1        P12：输入，按键检测S1  
  38          P01：输出，驱动D2        P13：输入，按键检测S2
  39          P02：输出，OLED时钟      P14：输出，OLED数据
  40          P03：输出，UART TXD      P15：输出，OLED片选
  41          P04：输入，UART RXD      P16：输出，OLED命令/数据选择
  42          P06：输入，AIN6  AD检测  蜂鸣器驱动(通过跳线选择)
  43          */
  44          
  45          /*******************************************************************************************************
  46           * 描  述 : 配置 IO P0.0和P0.1
  47           * 入  参 : 无
  48           * 返回值 : 无
  49           *******************************************************************************************************/
  50          void IO_Init(void)
  51          { 
  52   1        P0DIR &= ~0x03;    //配置P0.0和P0.1为输出
  53   1        D1 = 1;            //设置D4初始状态为熄灭
C51 COMPILER V9.52.0.0   MAIN                                                              04/20/2015 16:17:04 PAGE 2   

  54   1        D2 = 1;            //设置D5初始状态为熄灭
  55   1      }
  56          /*******************************************************************************************************
  57           * Description : main loop
  58           * Parameters  : none
  59           * Return      : none
  60           *******************************************************************************************************/
  61          void main(void)
  62          { 
  63   1        uint8_t i;
  64   1        
  65   1        IO_Init();
  66   1      
  67   1        while(true)
  68   1        {
  69   2          for(i=0; i<4; i++)
  70   2          {
  71   3            D1 = ~D1;        //指示灯D1状态取反
  72   3            delay_ms(100);   //延时200ms
  73   3            D2 = ~D2;        //指示灯D2状态取反
  74   3            delay_ms(100);   
  75   3          }
  76   2          delay_ms(300);  
  77   2          for(i=0; i<6; i++)
  78   2          {
  79   3            D1 = ~D1;          
  80   3            D2 = ~D2;
  81   3            delay_ms(100);   
  82   3          }   
  83   2        }
  84   1      }
  85          
  86           /*********************************END FILE***************************************************************
             -*/  


MODULE INFORMATION:   STATIC OVERLAYABLE
   CODE SIZE        =     86    ----
   CONSTANT SIZE    =   ----    ----
   XDATA SIZE       =   ----       1
   PDATA SIZE       =   ----    ----
   DATA SIZE        =   ----    ----
   IDATA SIZE       =   ----    ----
   BIT SIZE         =   ----    ----
END OF MODULE INFORMATION.


C51 COMPILATION COMPLETE.  0 WARNING(S),  0 ERROR(S)
