C51 COMPILER V9.52.0.0   MAIN                                                              04/30/2015 10:14:26 PAGE 1   


C51 COMPILER V9.52.0.0, COMPILATION OF MODULE MAIN
OBJECT MODULE PLACED IN .\Object\main.obj
COMPILER INVOKED BY: C:\Keil\C51\BIN\C51.EXE main.c LARGE BROWSE INCDIR(hal\nrf24le1;hal;hal\nrf24l01p;compiler\common;c
                    -ompiler\c51) DEBUG OBJECTEXTEND PRINT(.\lst\main.lst) TABS(2) OBJECT(.\Object\main.obj)

line level    source

   1          /****************************************Copyright (c)****************************************************
   2          **                                        
   3          **                                 
   4          **
   5          **--------------File Info---------------------------------------------------------------------------------
   6          ** File name:     main.c
   7          ** Last modified Date: 2015-4-16         
   8          ** Last Version:    1.2
   9          ** Descriptions:              
  10          **--------------------------------------------------------------------------------------------------------
  11          ** Created by:      FiYu
  12          ** Created date:    2014-11-12
  13          ** Version:         1.0
  14          ** Descriptions:    NV DATA读写实验   
  15          **--------------------------------------------------------------------------------------------------------
  16          ** Modified by:     FiYu
  17          ** Modified date:   
  18          ** Version:       
  19          ** Descriptions:    
  20          ** Rechecked by:      
  21          **********************************************************************************************************
             -/
  22          #include <stdio.h> 
  23          #include <reg24le1.h>
  24          #include <stdint.h>
  25          #include "hal_uart.h"
  26          #include "hal_clk.h"
  27          #include "hal_delay.h"
  28          #include "hal_flash.h"
  29          #include "HAL_FLASH_HW.h"
  30          
  31          /*-------------------管脚定义--------------------------------------------------*/
  32          #define  D1    P00  // 开发板上的指示灯D1
  33          #define  S1    P12  // 开发板上的按键S1
  34          
  35          
  36          
  37          /* 开发板中nRF24LE1管脚配置
  38          P00：输出，驱动D1        P12：输入，按键检测S1  
  39          P01：输出，驱动D2        P13：输入，按键检测S2
  40          P02：输出，OLED时钟      P14：输出，OLED数据
  41          P03：输出，UART TXD      P15：输出，OLED片选
  42          P04：输入，UART RXD      P16：输出，OLED命令/数据选择
  43          P06：输入，AIN6  AD检测  蜂鸣器驱动(通过跳线选择)
  44          */
  45          
  46          uint8_t idata WriteBuf[5];
  47          uint8_t idata temp_data[16];
  48          /*******************************************************************************************************
  49           * 描  述 : 配置 IO P0.0和P0.1为输出PP03：输出,作为UART TXD，P04：输入,作为UART RXD
  50           * 入  参 : 无
  51           * 返回值 : 无
  52           *******************************************************************************************************/
  53          void IO_Init(void)
C51 COMPILER V9.52.0.0   MAIN                                                              04/30/2015 10:14:26 PAGE 2   

  54          { 
  55   1        P0DIR &= ~0x01;    //配置P0.0为输出
  56   1        P0DIR &= ~0x08;    //P03：输出，UART TXD
  57   1        P0DIR |= 0x10;     //P04：输入，UART RXD  
  58   1        D1 = 1;            //设置D1初始状态为熄灭
  59   1      }
  60          
  61          /*******************************************************************************************************
  62           * 描  述 : 串口打印16进制字符
  63           * 入  参 : 输出的字符
  64           * 返回值 : 无
  65           *******************************************************************************************************/
  66          void PutHexString (uint8_t x)
  67          {
  68   1        uint8_t c;
  69   1      
  70   1        c = (x>>4)& 0xf;
  71   1        if (c > 9)
  72   1          hal_uart_putchar('A'+c-10);
  73   1        else
  74   1          hal_uart_putchar('0'+c);
  75   1      
  76   1          c = x & 0xf;
  77   1        if (c > 9)
  78   1          hal_uart_putchar('A'+c-10);
  79   1        else
  80   1         hal_uart_putchar('0'+c);
  81   1      }
  82          
  83          /*******************************************************************************************************
  84           * 描  述 : 串口输出字符串
  85           * 入  参 : 无
  86           * 返回值 : 无
  87           *******************************************************************************************************/
  88          void PutString(char *s)
  89          {
  90   1        while(*s != 0)
  91   1          hal_uart_putchar(*s++);
  92   1      }
  93          
  94          /*******************************************************************************************************
  95           * 描  述 : 主函数
  96           * 入  参 : 无
  97           * 返回值 : 无
  98           *******************************************************************************************************/
  99          void main(void)
 100          { 
 101   1        uint8_t i;
 102   1        uint32_t LoopCount = 0;
 103   1        
 104   1        hal_clk_set_16m_source(HAL_CLK_XOSC16M);            //使用外部16MHz晶振
 105   1      
 106   1        IO_Init();  //配置IO  
 107   1        hal_uart_init(UART_BAUD_57K6); // 初始化UART0                     
 108   1        while(hal_clk_get_16m_source() != HAL_CLK_XOSC16M) //等待时钟稳定
 109   1        ; 
 110   1        
 111   1        EA = 1; //使能全局中断
 112   1      
 113   1        while(1)
 114   1        { 
 115   2          LoopCount++;
C51 COMPILER V9.52.0.0   MAIN                                                              04/30/2015 10:14:26 PAGE 3   

 116   2          if(LoopCount == 10000)
 117   2          {
 118   3            D1 = ~D1;
 119   3            LoopCount = 0;
 120   3          }
 121   2          
 122   2          if(S1 == 0)
 123   2          {
 124   3            delay_ms(10);
 125   3            if(S1 == 0)   //按键S1按下
 126   3            {
 127   4              hal_flash_page_erase(32); //写之前先擦除
 128   4              delay_ms(30);
 129   4              for(i=0;i<5;i++) WriteBuf[i] = i+1;
 130   4              hal_flash_bytes_write(0xFA00,WriteBuf,5);  //写入数据
 131   4              hal_flash_bytes_read(0xFA00,temp_data,5);  //读出数据
 132   4              PutString("Flash address 0xFA00~0xFA04:"); //串口打印出0xFA00~0xFA04上的数据
 133   4              for(i=0;i<5;i++)PutHexString(temp_data[i]);
 134   4              while(S1==0); //等待按键释放
 135   4            }
 136   3          }  
 137   2        }
 138   1      }
 139           /*********************************END FILE***************************************************************
             -*/  


MODULE INFORMATION:   STATIC OVERLAYABLE
   CODE SIZE        =    367    ----
   CONSTANT SIZE    =     29    ----
   XDATA SIZE       =   ----      10
   PDATA SIZE       =   ----    ----
   DATA SIZE        =   ----    ----
   IDATA SIZE       =     21    ----
   BIT SIZE         =   ----    ----
END OF MODULE INFORMATION.


C51 COMPILATION COMPLETE.  0 WARNING(S),  0 ERROR(S)
